[0.587s] Invoking command in '/home/kiredoo/crazyflie-basics/cf_workspace/src/takeoff': PYTHONPATH=/home/kiredoo/crazyflie-basics/build/takeoff/prefix_override:/usr/lib/python3/dist-packages/colcon_core/task/python/colcon_distutils_commands:/home/kiredoo/crazyflie-basics/install/takeoff/lib/python3.10/site-packages: /usr/bin/python3 -W ignore:setup.py install is deprecated setup.py egg_info --egg-base ../../../build/takeoff build --build-base /home/kiredoo/crazyflie-basics/build/takeoff/build install --record /home/kiredoo/crazyflie-basics/build/takeoff/install.log --single-version-externally-managed install_data
[0.717s] running egg_info
[0.718s] writing ../../../build/takeoff/takeoff.egg-info/PKG-INFO
[0.718s] writing dependency_links to ../../../build/takeoff/takeoff.egg-info/dependency_links.txt
[0.718s] writing entry points to ../../../build/takeoff/takeoff.egg-info/entry_points.txt
[0.719s] writing requirements to ../../../build/takeoff/takeoff.egg-info/requires.txt
[0.719s] writing top-level names to ../../../build/takeoff/takeoff.egg-info/top_level.txt
[0.720s] reading manifest file '../../../build/takeoff/takeoff.egg-info/SOURCES.txt'
[0.720s] adding license file 'LICENSE'
[0.721s] writing manifest file '../../../build/takeoff/takeoff.egg-info/SOURCES.txt'
[0.721s] running build
[0.721s] running build_py
[0.721s] running install
[0.722s] running install_lib
[0.722s] running install_data
[0.722s] running install_egg_info
[0.723s] removing '/home/kiredoo/crazyflie-basics/install/takeoff/lib/python3.10/site-packages/takeoff-0.0.0-py3.10.egg-info' (and everything under it)
[0.724s] Copying ../../../build/takeoff/takeoff.egg-info to /home/kiredoo/crazyflie-basics/install/takeoff/lib/python3.10/site-packages/takeoff-0.0.0-py3.10.egg-info
[0.725s] running install_scripts
[0.740s] Installing takeoff script to /home/kiredoo/crazyflie-basics/install/takeoff/lib/takeoff
[0.740s] writing list of installed files to '/home/kiredoo/crazyflie-basics/build/takeoff/install.log'
[0.763s] Invoked command in '/home/kiredoo/crazyflie-basics/cf_workspace/src/takeoff' returned '0': PYTHONPATH=/home/kiredoo/crazyflie-basics/build/takeoff/prefix_override:/usr/lib/python3/dist-packages/colcon_core/task/python/colcon_distutils_commands:/home/kiredoo/crazyflie-basics/install/takeoff/lib/python3.10/site-packages: /usr/bin/python3 -W ignore:setup.py install is deprecated setup.py egg_info --egg-base ../../../build/takeoff build --build-base /home/kiredoo/crazyflie-basics/build/takeoff/build install --record /home/kiredoo/crazyflie-basics/build/takeoff/install.log --single-version-externally-managed install_data
