[0.760s] Invoking command in '/home/kiredoo/crazyflie-basics/isaac_ws/src/crazysim_v1': PYTHONPATH=/home/kiredoo/crazyflie-basics/build/crazysim_v1/prefix_override:/usr/lib/python3/dist-packages/colcon_core/task/python/colcon_distutils_commands:/home/kiredoo/crazyflie-basics/install/crazysim_v1/lib/python3.10/site-packages:${PYTHONPATH} /usr/bin/python3 -W ignore:setup.py install is deprecated setup.py egg_info --egg-base ../../../build/crazysim_v1 build --build-base /home/kiredoo/crazyflie-basics/build/crazysim_v1/build install --record /home/kiredoo/crazyflie-basics/build/crazysim_v1/install.log --single-version-externally-managed install_data
[0.962s] running egg_info
[0.963s] writing ../../../build/crazysim_v1/crazysim_v1.egg-info/PKG-INFO
[0.963s] writing dependency_links to ../../../build/crazysim_v1/crazysim_v1.egg-info/dependency_links.txt
[0.963s] writing entry points to ../../../build/crazysim_v1/crazysim_v1.egg-info/entry_points.txt
[0.964s] writing requirements to ../../../build/crazysim_v1/crazysim_v1.egg-info/requires.txt
[0.964s] writing top-level names to ../../../build/crazysim_v1/crazysim_v1.egg-info/top_level.txt
[0.965s] reading manifest file '../../../build/crazysim_v1/crazysim_v1.egg-info/SOURCES.txt'
[0.966s] writing manifest file '../../../build/crazysim_v1/crazysim_v1.egg-info/SOURCES.txt'
[0.966s] running build
[0.966s] running build_py
[0.966s] copying crazysim_v1/crazysim.py -> /home/kiredoo/crazyflie-basics/build/crazysim_v1/build/lib/crazysim_v1
[0.966s] running install
[0.967s] running install_lib
[0.967s] copying /home/kiredoo/crazyflie-basics/build/crazysim_v1/build/lib/crazysim_v1/crazysim.py -> /home/kiredoo/crazyflie-basics/install/crazysim_v1/lib/python3.10/site-packages/crazysim_v1
[0.968s] byte-compiling /home/kiredoo/crazyflie-basics/install/crazysim_v1/lib/python3.10/site-packages/crazysim_v1/crazysim.py to crazysim.cpython-310.pyc
[0.968s] running install_data
[0.969s] running install_egg_info
[0.970s] removing '/home/kiredoo/crazyflie-basics/install/crazysim_v1/lib/python3.10/site-packages/crazysim_v1-0.0.0-py3.10.egg-info' (and everything under it)
[0.970s] Copying ../../../build/crazysim_v1/crazysim_v1.egg-info to /home/kiredoo/crazyflie-basics/install/crazysim_v1/lib/python3.10/site-packages/crazysim_v1-0.0.0-py3.10.egg-info
[0.971s] running install_scripts
[0.993s] Installing controller script to /home/kiredoo/crazyflie-basics/install/crazysim_v1/lib/crazysim_v1
[0.993s] Installing simulator script to /home/kiredoo/crazyflie-basics/install/crazysim_v1/lib/crazysim_v1
[0.993s] writing list of installed files to '/home/kiredoo/crazyflie-basics/build/crazysim_v1/install.log'
[1.040s] Invoked command in '/home/kiredoo/crazyflie-basics/isaac_ws/src/crazysim_v1' returned '0': PYTHONPATH=/home/kiredoo/crazyflie-basics/build/crazysim_v1/prefix_override:/usr/lib/python3/dist-packages/colcon_core/task/python/colcon_distutils_commands:/home/kiredoo/crazyflie-basics/install/crazysim_v1/lib/python3.10/site-packages:${PYTHONPATH} /usr/bin/python3 -W ignore:setup.py install is deprecated setup.py egg_info --egg-base ../../../build/crazysim_v1 build --build-base /home/kiredoo/crazyflie-basics/build/crazysim_v1/build install --record /home/kiredoo/crazyflie-basics/build/crazysim_v1/install.log --single-version-externally-managed install_data
