running egg_info
creating ../../../build/takeoff/takeoff.egg-info
writing ../../../build/takeoff/takeoff.egg-info/PKG-INFO
writing dependency_links to ../../../build/takeoff/takeoff.egg-info/dependency_links.txt
writing entry points to ../../../build/takeoff/takeoff.egg-info/entry_points.txt
writing requirements to ../../../build/takeoff/takeoff.egg-info/requires.txt
writing top-level names to ../../../build/takeoff/takeoff.egg-info/top_level.txt
writing manifest file '../../../build/takeoff/takeoff.egg-info/SOURCES.txt'
reading manifest file '../../../build/takeoff/takeoff.egg-info/SOURCES.txt'
adding license file 'LICENSE'
writing manifest file '../../../build/takeoff/takeoff.egg-info/SOURCES.txt'
running build
running build_py
creating /home/kiredoo/crazyflie-basics/build/takeoff/build
creating /home/kiredoo/crazyflie-basics/build/takeoff/build/lib
creating /home/kiredoo/crazyflie-basics/build/takeoff/build/lib/takeoff
copying takeoff/takeoff.py -> /home/kiredoo/crazyflie-basics/build/takeoff/build/lib/takeoff
copying takeoff/__init__.py -> /home/kiredoo/crazyflie-basics/build/takeoff/build/lib/takeoff
running install
running install_lib
creating /home/kiredoo/crazyflie-basics/install/takeoff/lib/python3.10/site-packages/takeoff
copying /home/kiredoo/crazyflie-basics/build/takeoff/build/lib/takeoff/takeoff.py -> /home/kiredoo/crazyflie-basics/install/takeoff/lib/python3.10/site-packages/takeoff
copying /home/kiredoo/crazyflie-basics/build/takeoff/build/lib/takeoff/__init__.py -> /home/kiredoo/crazyflie-basics/install/takeoff/lib/python3.10/site-packages/takeoff
byte-compiling /home/kiredoo/crazyflie-basics/install/takeoff/lib/python3.10/site-packages/takeoff/takeoff.py to takeoff.cpython-310.pyc
byte-compiling /home/kiredoo/crazyflie-basics/install/takeoff/lib/python3.10/site-packages/takeoff/__init__.py to __init__.cpython-310.pyc
running install_data
creating /home/kiredoo/crazyflie-basics/install/takeoff/share/ament_index
creating /home/kiredoo/crazyflie-basics/install/takeoff/share/ament_index/resource_index
creating /home/kiredoo/crazyflie-basics/install/takeoff/share/ament_index/resource_index/packages
copying resource/takeoff -> /home/kiredoo/crazyflie-basics/install/takeoff/share/ament_index/resource_index/packages
copying package.xml -> /home/kiredoo/crazyflie-basics/install/takeoff/share/takeoff
running install_egg_info
Copying ../../../build/takeoff/takeoff.egg-info to /home/kiredoo/crazyflie-basics/install/takeoff/lib/python3.10/site-packages/takeoff-0.0.0-py3.10.egg-info
running install_scripts
Installing takeoff script to /home/kiredoo/crazyflie-basics/install/takeoff/lib/takeoff
writing list of installed files to '/home/kiredoo/crazyflie-basics/build/takeoff/install.log'
