[0.909s] Invoking command in '/home/kiredoo/crazyflie-basics/isaac_ws/src/crazysim_v1': PYTHONPATH=/home/kiredoo/crazyflie-basics/build/crazysim_v1/prefix_override:/usr/lib/python3/dist-packages/colcon_core/task/python/colcon_distutils_commands:/home/kiredoo/crazyflie-basics/install/crazysim_v1/lib/python3.10/site-packages:${PYTHONPATH} /usr/bin/python3 -W ignore:setup.py install is deprecated setup.py egg_info --egg-base ../../../build/crazysim_v1 build --build-base /home/kiredoo/crazyflie-basics/build/crazysim_v1/build install --record /home/kiredoo/crazyflie-basics/build/crazysim_v1/install.log --single-version-externally-managed install_data
[1.087s] running egg_info
[1.087s] creating ../../../build/crazysim_v1/crazysim_v1.egg-info
[1.088s] writing ../../../build/crazysim_v1/crazysim_v1.egg-info/PKG-INFO
[1.088s] writing dependency_links to ../../../build/crazysim_v1/crazysim_v1.egg-info/dependency_links.txt
[1.088s] writing entry points to ../../../build/crazysim_v1/crazysim_v1.egg-info/entry_points.txt
[1.089s] writing requirements to ../../../build/crazysim_v1/crazysim_v1.egg-info/requires.txt
[1.089s] writing top-level names to ../../../build/crazysim_v1/crazysim_v1.egg-info/top_level.txt
[1.089s] writing manifest file '../../../build/crazysim_v1/crazysim_v1.egg-info/SOURCES.txt'
[1.089s] reading manifest file '../../../build/crazysim_v1/crazysim_v1.egg-info/SOURCES.txt'
[1.090s] writing manifest file '../../../build/crazysim_v1/crazysim_v1.egg-info/SOURCES.txt'
[1.090s] running build
[1.090s] running build_py
[1.091s] creating /home/kiredoo/crazyflie-basics/build/crazysim_v1/build
[1.091s] creating /home/kiredoo/crazyflie-basics/build/crazysim_v1/build/lib
[1.091s] creating /home/kiredoo/crazyflie-basics/build/crazysim_v1/build/lib/crazysim_v1
[1.091s] copying crazysim_v1/crazysim.py -> /home/kiredoo/crazyflie-basics/build/crazysim_v1/build/lib/crazysim_v1
[1.091s] copying crazysim_v1/publish_coordinates.py -> /home/kiredoo/crazyflie-basics/build/crazysim_v1/build/lib/crazysim_v1
[1.092s] copying crazysim_v1/__init__.py -> /home/kiredoo/crazyflie-basics/build/crazysim_v1/build/lib/crazysim_v1
[1.092s] running install
[1.092s] running install_lib
[1.092s] creating /home/kiredoo/crazyflie-basics/install/crazysim_v1/lib/python3.10/site-packages/crazysim_v1
[1.092s] copying /home/kiredoo/crazyflie-basics/build/crazysim_v1/build/lib/crazysim_v1/crazysim.py -> /home/kiredoo/crazyflie-basics/install/crazysim_v1/lib/python3.10/site-packages/crazysim_v1
[1.093s] copying /home/kiredoo/crazyflie-basics/build/crazysim_v1/build/lib/crazysim_v1/publish_coordinates.py -> /home/kiredoo/crazyflie-basics/install/crazysim_v1/lib/python3.10/site-packages/crazysim_v1
[1.093s] copying /home/kiredoo/crazyflie-basics/build/crazysim_v1/build/lib/crazysim_v1/__init__.py -> /home/kiredoo/crazyflie-basics/install/crazysim_v1/lib/python3.10/site-packages/crazysim_v1
[1.093s] byte-compiling /home/kiredoo/crazyflie-basics/install/crazysim_v1/lib/python3.10/site-packages/crazysim_v1/crazysim.py to crazysim.cpython-310.pyc
[1.094s] byte-compiling /home/kiredoo/crazyflie-basics/install/crazysim_v1/lib/python3.10/site-packages/crazysim_v1/publish_coordinates.py to publish_coordinates.cpython-310.pyc
[1.094s] byte-compiling /home/kiredoo/crazyflie-basics/install/crazysim_v1/lib/python3.10/site-packages/crazysim_v1/__init__.py to __init__.cpython-310.pyc
[1.095s] running install_data
[1.095s] creating /home/kiredoo/crazyflie-basics/install/crazysim_v1/share/ament_index
[1.095s] creating /home/kiredoo/crazyflie-basics/install/crazysim_v1/share/ament_index/resource_index
[1.095s] creating /home/kiredoo/crazyflie-basics/install/crazysim_v1/share/ament_index/resource_index/packages
[1.096s] copying resource/crazysim_v1 -> /home/kiredoo/crazyflie-basics/install/crazysim_v1/share/ament_index/resource_index/packages
[1.096s] copying package.xml -> /home/kiredoo/crazyflie-basics/install/crazysim_v1/share/crazysim_v1
[1.096s] running install_egg_info
[1.098s] Copying ../../../build/crazysim_v1/crazysim_v1.egg-info to /home/kiredoo/crazyflie-basics/install/crazysim_v1/lib/python3.10/site-packages/crazysim_v1-0.0.0-py3.10.egg-info
[1.098s] running install_scripts
[1.114s] Installing controller script to /home/kiredoo/crazyflie-basics/install/crazysim_v1/lib/crazysim_v1
[1.115s] Installing simulator script to /home/kiredoo/crazyflie-basics/install/crazysim_v1/lib/crazysim_v1
[1.115s] writing list of installed files to '/home/kiredoo/crazyflie-basics/build/crazysim_v1/install.log'
[1.158s] Invoked command in '/home/kiredoo/crazyflie-basics/isaac_ws/src/crazysim_v1' returned '0': PYTHONPATH=/home/kiredoo/crazyflie-basics/build/crazysim_v1/prefix_override:/usr/lib/python3/dist-packages/colcon_core/task/python/colcon_distutils_commands:/home/kiredoo/crazyflie-basics/install/crazysim_v1/lib/python3.10/site-packages:${PYTHONPATH} /usr/bin/python3 -W ignore:setup.py install is deprecated setup.py egg_info --egg-base ../../../build/crazysim_v1 build --build-base /home/kiredoo/crazyflie-basics/build/crazysim_v1/build install --record /home/kiredoo/crazyflie-basics/build/crazysim_v1/install.log --single-version-externally-managed install_data
