running egg_info
creating ../../build/crazysim_v1/crazysim_v1.egg-info
writing ../../build/crazysim_v1/crazysim_v1.egg-info/PKG-INFO
writing dependency_links to ../../build/crazysim_v1/crazysim_v1.egg-info/dependency_links.txt
writing entry points to ../../build/crazysim_v1/crazysim_v1.egg-info/entry_points.txt
writing requirements to ../../build/crazysim_v1/crazysim_v1.egg-info/requires.txt
writing top-level names to ../../build/crazysim_v1/crazysim_v1.egg-info/top_level.txt
writing manifest file '../../build/crazysim_v1/crazysim_v1.egg-info/SOURCES.txt'
reading manifest file '../../build/crazysim_v1/crazysim_v1.egg-info/SOURCES.txt'
writing manifest file '../../build/crazysim_v1/crazysim_v1.egg-info/SOURCES.txt'
running build
running build_py
creating /home/kiredoo/crazyflie-basics/isaac_ws/build/crazysim_v1/build
creating /home/kiredoo/crazyflie-basics/isaac_ws/build/crazysim_v1/build/lib
creating /home/kiredoo/crazyflie-basics/isaac_ws/build/crazysim_v1/build/lib/crazysim_v1
copying crazysim_v1/crazysim.py -> /home/kiredoo/crazyflie-basics/isaac_ws/build/crazysim_v1/build/lib/crazysim_v1
copying crazysim_v1/publish_coordinates.py -> /home/kiredoo/crazyflie-basics/isaac_ws/build/crazysim_v1/build/lib/crazysim_v1
copying crazysim_v1/__init__.py -> /home/kiredoo/crazyflie-basics/isaac_ws/build/crazysim_v1/build/lib/crazysim_v1
running install
running install_lib
creating /home/kiredoo/crazyflie-basics/isaac_ws/install/crazysim_v1/lib/python3.10/site-packages/crazysim_v1
copying /home/kiredoo/crazyflie-basics/isaac_ws/build/crazysim_v1/build/lib/crazysim_v1/crazysim.py -> /home/kiredoo/crazyflie-basics/isaac_ws/install/crazysim_v1/lib/python3.10/site-packages/crazysim_v1
copying /home/kiredoo/crazyflie-basics/isaac_ws/build/crazysim_v1/build/lib/crazysim_v1/publish_coordinates.py -> /home/kiredoo/crazyflie-basics/isaac_ws/install/crazysim_v1/lib/python3.10/site-packages/crazysim_v1
copying /home/kiredoo/crazyflie-basics/isaac_ws/build/crazysim_v1/build/lib/crazysim_v1/__init__.py -> /home/kiredoo/crazyflie-basics/isaac_ws/install/crazysim_v1/lib/python3.10/site-packages/crazysim_v1
byte-compiling /home/kiredoo/crazyflie-basics/isaac_ws/install/crazysim_v1/lib/python3.10/site-packages/crazysim_v1/crazysim.py to crazysim.cpython-310.pyc
byte-compiling /home/kiredoo/crazyflie-basics/isaac_ws/install/crazysim_v1/lib/python3.10/site-packages/crazysim_v1/publish_coordinates.py to publish_coordinates.cpython-310.pyc
byte-compiling /home/kiredoo/crazyflie-basics/isaac_ws/install/crazysim_v1/lib/python3.10/site-packages/crazysim_v1/__init__.py to __init__.cpython-310.pyc
running install_data
creating /home/kiredoo/crazyflie-basics/isaac_ws/install/crazysim_v1/share/ament_index
creating /home/kiredoo/crazyflie-basics/isaac_ws/install/crazysim_v1/share/ament_index/resource_index
creating /home/kiredoo/crazyflie-basics/isaac_ws/install/crazysim_v1/share/ament_index/resource_index/packages
copying resource/crazysim_v1 -> /home/kiredoo/crazyflie-basics/isaac_ws/install/crazysim_v1/share/ament_index/resource_index/packages
copying package.xml -> /home/kiredoo/crazyflie-basics/isaac_ws/install/crazysim_v1/share/crazysim_v1
running install_egg_info
Copying ../../build/crazysim_v1/crazysim_v1.egg-info to /home/kiredoo/crazyflie-basics/isaac_ws/install/crazysim_v1/lib/python3.10/site-packages/crazysim_v1-0.0.0-py3.10.egg-info
running install_scripts
Installing controller = crazysim_v1.publish_coordinates:mainsimulator script to /home/kiredoo/crazyflie-basics/isaac_ws/install/crazysim_v1/lib/crazysim_v1
writing list of installed files to '/home/kiredoo/crazyflie-basics/isaac_ws/build/crazysim_v1/install.log'
