[0.689s] Invoking command in '/home/kiredoo/crazyflie-basics/isaac_ws/src/crazysim_v1': PYTHONPATH=/home/kiredoo/crazyflie-basics/isaac_ws/build/crazysim_v1/prefix_override:/usr/lib/python3/dist-packages/colcon_core/task/python/colcon_distutils_commands:/home/kiredoo/crazyflie-basics/isaac_ws/install/crazysim_v1/lib/python3.10/site-packages:${PYTHONPATH} /usr/bin/python3 -W ignore:setup.py install is deprecated setup.py egg_info --egg-base ../../build/crazysim_v1 build --build-base /home/kiredoo/crazyflie-basics/isaac_ws/build/crazysim_v1/build install --record /home/kiredoo/crazyflie-basics/isaac_ws/build/crazysim_v1/install.log --single-version-externally-managed install_data
[0.871s] running egg_info
[0.872s] creating ../../build/crazysim_v1/crazysim_v1.egg-info
[0.873s] writing ../../build/crazysim_v1/crazysim_v1.egg-info/PKG-INFO
[0.874s] writing dependency_links to ../../build/crazysim_v1/crazysim_v1.egg-info/dependency_links.txt
[0.874s] writing entry points to ../../build/crazysim_v1/crazysim_v1.egg-info/entry_points.txt
[0.874s] writing requirements to ../../build/crazysim_v1/crazysim_v1.egg-info/requires.txt
[0.874s] writing top-level names to ../../build/crazysim_v1/crazysim_v1.egg-info/top_level.txt
[0.874s] writing manifest file '../../build/crazysim_v1/crazysim_v1.egg-info/SOURCES.txt'
[0.876s] reading manifest file '../../build/crazysim_v1/crazysim_v1.egg-info/SOURCES.txt'
[0.877s] writing manifest file '../../build/crazysim_v1/crazysim_v1.egg-info/SOURCES.txt'
[0.877s] running build
[0.877s] running build_py
[0.878s] creating /home/kiredoo/crazyflie-basics/isaac_ws/build/crazysim_v1/build
[0.878s] creating /home/kiredoo/crazyflie-basics/isaac_ws/build/crazysim_v1/build/lib
[0.879s] creating /home/kiredoo/crazyflie-basics/isaac_ws/build/crazysim_v1/build/lib/crazysim_v1
[0.879s] copying crazysim_v1/crazysim.py -> /home/kiredoo/crazyflie-basics/isaac_ws/build/crazysim_v1/build/lib/crazysim_v1
[0.879s] copying crazysim_v1/publish_coordinates.py -> /home/kiredoo/crazyflie-basics/isaac_ws/build/crazysim_v1/build/lib/crazysim_v1
[0.879s] copying crazysim_v1/__init__.py -> /home/kiredoo/crazyflie-basics/isaac_ws/build/crazysim_v1/build/lib/crazysim_v1
[0.879s] running install
[0.880s] running install_lib
[0.881s] creating /home/kiredoo/crazyflie-basics/isaac_ws/install/crazysim_v1/lib/python3.10/site-packages/crazysim_v1
[0.881s] copying /home/kiredoo/crazyflie-basics/isaac_ws/build/crazysim_v1/build/lib/crazysim_v1/crazysim.py -> /home/kiredoo/crazyflie-basics/isaac_ws/install/crazysim_v1/lib/python3.10/site-packages/crazysim_v1
[0.881s] copying /home/kiredoo/crazyflie-basics/isaac_ws/build/crazysim_v1/build/lib/crazysim_v1/publish_coordinates.py -> /home/kiredoo/crazyflie-basics/isaac_ws/install/crazysim_v1/lib/python3.10/site-packages/crazysim_v1
[0.881s] copying /home/kiredoo/crazyflie-basics/isaac_ws/build/crazysim_v1/build/lib/crazysim_v1/__init__.py -> /home/kiredoo/crazyflie-basics/isaac_ws/install/crazysim_v1/lib/python3.10/site-packages/crazysim_v1
[0.882s] byte-compiling /home/kiredoo/crazyflie-basics/isaac_ws/install/crazysim_v1/lib/python3.10/site-packages/crazysim_v1/crazysim.py to crazysim.cpython-310.pyc
[0.883s] byte-compiling /home/kiredoo/crazyflie-basics/isaac_ws/install/crazysim_v1/lib/python3.10/site-packages/crazysim_v1/publish_coordinates.py to publish_coordinates.cpython-310.pyc
[0.884s] byte-compiling /home/kiredoo/crazyflie-basics/isaac_ws/install/crazysim_v1/lib/python3.10/site-packages/crazysim_v1/__init__.py to __init__.cpython-310.pyc
[0.884s] running install_data
[0.884s] creating /home/kiredoo/crazyflie-basics/isaac_ws/install/crazysim_v1/share/ament_index
[0.884s] creating /home/kiredoo/crazyflie-basics/isaac_ws/install/crazysim_v1/share/ament_index/resource_index
[0.885s] creating /home/kiredoo/crazyflie-basics/isaac_ws/install/crazysim_v1/share/ament_index/resource_index/packages
[0.885s] copying resource/crazysim_v1 -> /home/kiredoo/crazyflie-basics/isaac_ws/install/crazysim_v1/share/ament_index/resource_index/packages
[0.885s] copying package.xml -> /home/kiredoo/crazyflie-basics/isaac_ws/install/crazysim_v1/share/crazysim_v1
[0.885s] running install_egg_info
[0.887s] Copying ../../build/crazysim_v1/crazysim_v1.egg-info to /home/kiredoo/crazyflie-basics/isaac_ws/install/crazysim_v1/lib/python3.10/site-packages/crazysim_v1-0.0.0-py3.10.egg-info
[0.888s] running install_scripts
[0.904s] Installing controller = crazysim_v1.publish_coordinates:mainsimulator script to /home/kiredoo/crazyflie-basics/isaac_ws/install/crazysim_v1/lib/crazysim_v1
[0.905s] writing list of installed files to '/home/kiredoo/crazyflie-basics/isaac_ws/build/crazysim_v1/install.log'
[0.937s] Invoked command in '/home/kiredoo/crazyflie-basics/isaac_ws/src/crazysim_v1' returned '0': PYTHONPATH=/home/kiredoo/crazyflie-basics/isaac_ws/build/crazysim_v1/prefix_override:/usr/lib/python3/dist-packages/colcon_core/task/python/colcon_distutils_commands:/home/kiredoo/crazyflie-basics/isaac_ws/install/crazysim_v1/lib/python3.10/site-packages:${PYTHONPATH} /usr/bin/python3 -W ignore:setup.py install is deprecated setup.py egg_info --egg-base ../../build/crazysim_v1 build --build-base /home/kiredoo/crazyflie-basics/isaac_ws/build/crazysim_v1/build install --record /home/kiredoo/crazyflie-basics/isaac_ws/build/crazysim_v1/install.log --single-version-externally-managed install_data
