[0.638s] Invoking command in '/home/kiredoo/crazyflie-basics/isaac_ws/src/crazysim_v1': PYTHONPATH=/home/kiredoo/crazyflie-basics/isaac_ws/build/crazysim_v1/prefix_override:/usr/lib/python3/dist-packages/colcon_core/task/python/colcon_distutils_commands:/home/kiredoo/crazyflie-basics/isaac_ws/install/crazysim_v1/lib/python3.10/site-packages:${PYTHONPATH} /usr/bin/python3 -W ignore:setup.py install is deprecated setup.py egg_info --egg-base ../../build/crazysim_v1 build --build-base /home/kiredoo/crazyflie-basics/isaac_ws/build/crazysim_v1/build install --record /home/kiredoo/crazyflie-basics/isaac_ws/build/crazysim_v1/install.log --single-version-externally-managed install_data
[0.805s] running egg_info
[0.806s] writing ../../build/crazysim_v1/crazysim_v1.egg-info/PKG-INFO
[0.807s] writing dependency_links to ../../build/crazysim_v1/crazysim_v1.egg-info/dependency_links.txt
[0.807s] writing entry points to ../../build/crazysim_v1/crazysim_v1.egg-info/entry_points.txt
[0.807s] writing requirements to ../../build/crazysim_v1/crazysim_v1.egg-info/requires.txt
[0.807s] writing top-level names to ../../build/crazysim_v1/crazysim_v1.egg-info/top_level.txt
[0.808s] reading manifest file '../../build/crazysim_v1/crazysim_v1.egg-info/SOURCES.txt'
[0.809s] writing manifest file '../../build/crazysim_v1/crazysim_v1.egg-info/SOURCES.txt'
[0.809s] running build
[0.810s] running build_py
[0.810s] running install
[0.810s] running install_lib
[0.811s] running install_data
[0.811s] running install_egg_info
[0.812s] removing '/home/kiredoo/crazyflie-basics/isaac_ws/install/crazysim_v1/lib/python3.10/site-packages/crazysim_v1-0.0.0-py3.10.egg-info' (and everything under it)
[0.813s] Copying ../../build/crazysim_v1/crazysim_v1.egg-info to /home/kiredoo/crazyflie-basics/isaac_ws/install/crazysim_v1/lib/python3.10/site-packages/crazysim_v1-0.0.0-py3.10.egg-info
[0.814s] running install_scripts
[0.829s] Installing controller script to /home/kiredoo/crazyflie-basics/isaac_ws/install/crazysim_v1/lib/crazysim_v1
[0.829s] Installing simulator script to /home/kiredoo/crazyflie-basics/isaac_ws/install/crazysim_v1/lib/crazysim_v1
[0.829s] writing list of installed files to '/home/kiredoo/crazyflie-basics/isaac_ws/build/crazysim_v1/install.log'
[0.849s] Invoked command in '/home/kiredoo/crazyflie-basics/isaac_ws/src/crazysim_v1' returned '0': PYTHONPATH=/home/kiredoo/crazyflie-basics/isaac_ws/build/crazysim_v1/prefix_override:/usr/lib/python3/dist-packages/colcon_core/task/python/colcon_distutils_commands:/home/kiredoo/crazyflie-basics/isaac_ws/install/crazysim_v1/lib/python3.10/site-packages:${PYTHONPATH} /usr/bin/python3 -W ignore:setup.py install is deprecated setup.py egg_info --egg-base ../../build/crazysim_v1 build --build-base /home/kiredoo/crazyflie-basics/isaac_ws/build/crazysim_v1/build install --record /home/kiredoo/crazyflie-basics/isaac_ws/build/crazysim_v1/install.log --single-version-externally-managed install_data
