running egg_info
writing ../../../build/takeoff/takeoff.egg-info/PKG-INFO
writing dependency_links to ../../../build/takeoff/takeoff.egg-info/dependency_links.txt
writing entry points to ../../../build/takeoff/takeoff.egg-info/entry_points.txt
writing requirements to ../../../build/takeoff/takeoff.egg-info/requires.txt
writing top-level names to ../../../build/takeoff/takeoff.egg-info/top_level.txt
reading manifest file '../../../build/takeoff/takeoff.egg-info/SOURCES.txt'
adding license file 'LICENSE'
writing manifest file '../../../build/takeoff/takeoff.egg-info/SOURCES.txt'
running build
running build_py
running install
running install_lib
running install_data
running install_egg_info
removing '/home/kiredoo/crazyflie-basics/install/takeoff/lib/python3.10/site-packages/takeoff-0.0.0-py3.10.egg-info' (and everything under it)
Copying ../../../build/takeoff/takeoff.egg-info to /home/kiredoo/crazyflie-basics/install/takeoff/lib/python3.10/site-packages/takeoff-0.0.0-py3.10.egg-info
running install_scripts
Installing takeoff script to /home/kiredoo/crazyflie-basics/install/takeoff/lib/takeoff
writing list of installed files to '/home/kiredoo/crazyflie-basics/build/takeoff/install.log'
