[0.877s] Invoking command in '/home/kiredoo/crazyflie-basics/cf_workspace/src/takeoff': PYTHONPATH=/home/kiredoo/crazyflie-basics/build/takeoff/prefix_override:/usr/lib/python3/dist-packages/colcon_core/task/python/colcon_distutils_commands:/home/kiredoo/crazyflie-basics/install/takeoff/lib/python3.10/site-packages:${PYTHONPATH} /usr/bin/python3 -W ignore:setup.py install is deprecated setup.py egg_info --egg-base ../../../build/takeoff build --build-base /home/kiredoo/crazyflie-basics/build/takeoff/build install --record /home/kiredoo/crazyflie-basics/build/takeoff/install.log --single-version-externally-managed install_data
[1.054s] running egg_info
[1.055s] writing ../../../build/takeoff/takeoff.egg-info/PKG-INFO
[1.055s] writing dependency_links to ../../../build/takeoff/takeoff.egg-info/dependency_links.txt
[1.055s] writing entry points to ../../../build/takeoff/takeoff.egg-info/entry_points.txt
[1.056s] writing requirements to ../../../build/takeoff/takeoff.egg-info/requires.txt
[1.056s] writing top-level names to ../../../build/takeoff/takeoff.egg-info/top_level.txt
[1.057s] reading manifest file '../../../build/takeoff/takeoff.egg-info/SOURCES.txt'
[1.057s] adding license file 'LICENSE'
[1.058s] writing manifest file '../../../build/takeoff/takeoff.egg-info/SOURCES.txt'
[1.058s] running build
[1.058s] running build_py
[1.058s] running install
[1.058s] running install_lib
[1.059s] running install_data
[1.059s] running install_egg_info
[1.060s] removing '/home/kiredoo/crazyflie-basics/install/takeoff/lib/python3.10/site-packages/takeoff-0.0.0-py3.10.egg-info' (and everything under it)
[1.061s] Copying ../../../build/takeoff/takeoff.egg-info to /home/kiredoo/crazyflie-basics/install/takeoff/lib/python3.10/site-packages/takeoff-0.0.0-py3.10.egg-info
[1.062s] running install_scripts
[1.077s] Installing takeoff script to /home/kiredoo/crazyflie-basics/install/takeoff/lib/takeoff
[1.078s] writing list of installed files to '/home/kiredoo/crazyflie-basics/build/takeoff/install.log'
[1.113s] Invoked command in '/home/kiredoo/crazyflie-basics/cf_workspace/src/takeoff' returned '0': PYTHONPATH=/home/kiredoo/crazyflie-basics/build/takeoff/prefix_override:/usr/lib/python3/dist-packages/colcon_core/task/python/colcon_distutils_commands:/home/kiredoo/crazyflie-basics/install/takeoff/lib/python3.10/site-packages:${PYTHONPATH} /usr/bin/python3 -W ignore:setup.py install is deprecated setup.py egg_info --egg-base ../../../build/takeoff build --build-base /home/kiredoo/crazyflie-basics/build/takeoff/build install --record /home/kiredoo/crazyflie-basics/build/takeoff/install.log --single-version-externally-managed install_data
