[0.561s] Invoking command in '/home/kiredoo/crazyflie-basics/isaac_ws/src/crazysim_v1': PYTHONPATH=/home/kiredoo/crazyflie-basics/isaac_ws/build/crazysim_v1/prefix_override:/usr/lib/python3/dist-packages/colcon_core/task/python/colcon_distutils_commands:/home/kiredoo/crazyflie-basics/isaac_ws/install/crazysim_v1/lib/python3.10/site-packages:${PYTHONPATH} /usr/bin/python3 -W ignore:setup.py install is deprecated setup.py egg_info --egg-base ../../build/crazysim_v1 build --build-base /home/kiredoo/crazyflie-basics/isaac_ws/build/crazysim_v1/build install --record /home/kiredoo/crazyflie-basics/isaac_ws/build/crazysim_v1/install.log --single-version-externally-managed install_data
[0.731s] running egg_info
[0.732s] writing ../../build/crazysim_v1/crazysim_v1.egg-info/PKG-INFO
[0.732s] writing dependency_links to ../../build/crazysim_v1/crazysim_v1.egg-info/dependency_links.txt
[0.732s] writing entry points to ../../build/crazysim_v1/crazysim_v1.egg-info/entry_points.txt
[0.732s] writing requirements to ../../build/crazysim_v1/crazysim_v1.egg-info/requires.txt
[0.733s] writing top-level names to ../../build/crazysim_v1/crazysim_v1.egg-info/top_level.txt
[0.734s] reading manifest file '../../build/crazysim_v1/crazysim_v1.egg-info/SOURCES.txt'
[0.734s] writing manifest file '../../build/crazysim_v1/crazysim_v1.egg-info/SOURCES.txt'
[0.735s] running build
[0.735s] running build_py
[0.735s] copying crazysim_v1/crazysim.py -> /home/kiredoo/crazyflie-basics/isaac_ws/build/crazysim_v1/build/lib/crazysim_v1
[0.735s] copying crazysim_v1/publish_coordinates.py -> /home/kiredoo/crazyflie-basics/isaac_ws/build/crazysim_v1/build/lib/crazysim_v1
[0.735s] running install
[0.735s] running install_lib
[0.736s] copying /home/kiredoo/crazyflie-basics/isaac_ws/build/crazysim_v1/build/lib/crazysim_v1/crazysim.py -> /home/kiredoo/crazyflie-basics/isaac_ws/install/crazysim_v1/lib/python3.10/site-packages/crazysim_v1
[0.736s] copying /home/kiredoo/crazyflie-basics/isaac_ws/build/crazysim_v1/build/lib/crazysim_v1/publish_coordinates.py -> /home/kiredoo/crazyflie-basics/isaac_ws/install/crazysim_v1/lib/python3.10/site-packages/crazysim_v1
[0.736s] byte-compiling /home/kiredoo/crazyflie-basics/isaac_ws/install/crazysim_v1/lib/python3.10/site-packages/crazysim_v1/crazysim.py to crazysim.cpython-310.pyc
[0.737s] byte-compiling /home/kiredoo/crazyflie-basics/isaac_ws/install/crazysim_v1/lib/python3.10/site-packages/crazysim_v1/publish_coordinates.py to publish_coordinates.cpython-310.pyc
[0.737s] running install_data
[0.738s] running install_egg_info
[0.739s] removing '/home/kiredoo/crazyflie-basics/isaac_ws/install/crazysim_v1/lib/python3.10/site-packages/crazysim_v1-0.0.0-py3.10.egg-info' (and everything under it)
[0.739s] Copying ../../build/crazysim_v1/crazysim_v1.egg-info to /home/kiredoo/crazyflie-basics/isaac_ws/install/crazysim_v1/lib/python3.10/site-packages/crazysim_v1-0.0.0-py3.10.egg-info
[0.740s] running install_scripts
[0.754s] Installing controller script to /home/kiredoo/crazyflie-basics/isaac_ws/install/crazysim_v1/lib/crazysim_v1
[0.755s] Installing simulator script to /home/kiredoo/crazyflie-basics/isaac_ws/install/crazysim_v1/lib/crazysim_v1
[0.755s] writing list of installed files to '/home/kiredoo/crazyflie-basics/isaac_ws/build/crazysim_v1/install.log'
[0.773s] Invoked command in '/home/kiredoo/crazyflie-basics/isaac_ws/src/crazysim_v1' returned '0': PYTHONPATH=/home/kiredoo/crazyflie-basics/isaac_ws/build/crazysim_v1/prefix_override:/usr/lib/python3/dist-packages/colcon_core/task/python/colcon_distutils_commands:/home/kiredoo/crazyflie-basics/isaac_ws/install/crazysim_v1/lib/python3.10/site-packages:${PYTHONPATH} /usr/bin/python3 -W ignore:setup.py install is deprecated setup.py egg_info --egg-base ../../build/crazysim_v1 build --build-base /home/kiredoo/crazyflie-basics/isaac_ws/build/crazysim_v1/build install --record /home/kiredoo/crazyflie-basics/isaac_ws/build/crazysim_v1/install.log --single-version-externally-managed install_data
