[0.627s] Invoking command in '/home/kiredoo/crazyflie-basics/isaac_ws/src/crazysim_v1': PYTHONPATH=/home/kiredoo/crazyflie-basics/isaac_ws/build/crazysim_v1/prefix_override:/usr/lib/python3/dist-packages/colcon_core/task/python/colcon_distutils_commands:/home/kiredoo/crazyflie-basics/isaac_ws/install/crazysim_v1/lib/python3.10/site-packages:${PYTHONPATH} /usr/bin/python3 -W ignore:setup.py install is deprecated setup.py egg_info --egg-base ../../build/crazysim_v1 build --build-base /home/kiredoo/crazyflie-basics/isaac_ws/build/crazysim_v1/build install --record /home/kiredoo/crazyflie-basics/isaac_ws/build/crazysim_v1/install.log --single-version-externally-managed install_data
[0.799s] running egg_info
[0.800s] writing ../../build/crazysim_v1/crazysim_v1.egg-info/PKG-INFO
[0.800s] writing dependency_links to ../../build/crazysim_v1/crazysim_v1.egg-info/dependency_links.txt
[0.800s] writing entry points to ../../build/crazysim_v1/crazysim_v1.egg-info/entry_points.txt
[0.800s] writing requirements to ../../build/crazysim_v1/crazysim_v1.egg-info/requires.txt
[0.800s] writing top-level names to ../../build/crazysim_v1/crazysim_v1.egg-info/top_level.txt
[0.801s] reading manifest file '../../build/crazysim_v1/crazysim_v1.egg-info/SOURCES.txt'
[0.802s] writing manifest file '../../build/crazysim_v1/crazysim_v1.egg-info/SOURCES.txt'
[0.802s] running build
[0.802s] running build_py
[0.802s] copying crazysim_v1/crazysim.py -> /home/kiredoo/crazyflie-basics/isaac_ws/build/crazysim_v1/build/lib/crazysim_v1
[0.803s] copying crazysim_v1/publish_coordinates.py -> /home/kiredoo/crazyflie-basics/isaac_ws/build/crazysim_v1/build/lib/crazysim_v1
[0.803s] running install
[0.803s] running install_lib
[0.804s] copying /home/kiredoo/crazyflie-basics/isaac_ws/build/crazysim_v1/build/lib/crazysim_v1/crazysim.py -> /home/kiredoo/crazyflie-basics/isaac_ws/install/crazysim_v1/lib/python3.10/site-packages/crazysim_v1
[0.804s] copying /home/kiredoo/crazyflie-basics/isaac_ws/build/crazysim_v1/build/lib/crazysim_v1/publish_coordinates.py -> /home/kiredoo/crazyflie-basics/isaac_ws/install/crazysim_v1/lib/python3.10/site-packages/crazysim_v1
[0.804s] byte-compiling /home/kiredoo/crazyflie-basics/isaac_ws/install/crazysim_v1/lib/python3.10/site-packages/crazysim_v1/crazysim.py to crazysim.cpython-310.pyc
[0.805s] byte-compiling /home/kiredoo/crazyflie-basics/isaac_ws/install/crazysim_v1/lib/python3.10/site-packages/crazysim_v1/publish_coordinates.py to publish_coordinates.cpython-310.pyc
[0.806s] running install_data
[0.806s] running install_egg_info
[0.807s] removing '/home/kiredoo/crazyflie-basics/isaac_ws/install/crazysim_v1/lib/python3.10/site-packages/crazysim_v1-0.0.0-py3.10.egg-info' (and everything under it)
[0.807s] Copying ../../build/crazysim_v1/crazysim_v1.egg-info to /home/kiredoo/crazyflie-basics/isaac_ws/install/crazysim_v1/lib/python3.10/site-packages/crazysim_v1-0.0.0-py3.10.egg-info
[0.809s] running install_scripts
[0.825s] Installing controller script to /home/kiredoo/crazyflie-basics/isaac_ws/install/crazysim_v1/lib/crazysim_v1
[0.825s] Installing simulator script to /home/kiredoo/crazyflie-basics/isaac_ws/install/crazysim_v1/lib/crazysim_v1
[0.825s] writing list of installed files to '/home/kiredoo/crazyflie-basics/isaac_ws/build/crazysim_v1/install.log'
[0.843s] Invoked command in '/home/kiredoo/crazyflie-basics/isaac_ws/src/crazysim_v1' returned '0': PYTHONPATH=/home/kiredoo/crazyflie-basics/isaac_ws/build/crazysim_v1/prefix_override:/usr/lib/python3/dist-packages/colcon_core/task/python/colcon_distutils_commands:/home/kiredoo/crazyflie-basics/isaac_ws/install/crazysim_v1/lib/python3.10/site-packages:${PYTHONPATH} /usr/bin/python3 -W ignore:setup.py install is deprecated setup.py egg_info --egg-base ../../build/crazysim_v1 build --build-base /home/kiredoo/crazyflie-basics/isaac_ws/build/crazysim_v1/build install --record /home/kiredoo/crazyflie-basics/isaac_ws/build/crazysim_v1/install.log --single-version-externally-managed install_data
