[0.259s] Invoking command in '/home/turtlebot/Desktop/cycli_pursuit_ws2/build/crazyflie_sim': AMENT_PREFIX_PATH=/home/turtlebot/Desktop/cycli_pursuit_ws2/install/crazyflie_interfaces:${AMENT_PREFIX_PATH} CMAKE_PREFIX_PATH=/home/turtlebot/Desktop/cycli_pursuit_ws2/install/crazyflie_interfaces:/opt/ros/humble LD_LIBRARY_PATH=/home/turtlebot/Desktop/cycli_pursuit_ws2/install/crazyflie_interfaces/lib:${LD_LIBRARY_PATH} PYTHONPATH=/home/turtlebot/Desktop/cycli_pursuit_ws2/install/crazyflie_interfaces/local/lib/python3.10/dist-packages:${PYTHONPATH} /usr/bin/cmake /home/turtlebot/Desktop/cycli_pursuit_ws2/src/crazyswarm2/crazyflie_sim -DCMAKE_BUILD_TYPE=Release -DAMENT_CMAKE_SYMLINK_INSTALL=1 -DCMAKE_INSTALL_PREFIX=/home/turtlebot/Desktop/cycli_pursuit_ws2/install/crazyflie_sim
[0.310s] -- The C compiler identification is GNU 11.4.0
[0.360s] -- The CXX compiler identification is GNU 11.4.0
[0.366s] -- Detecting C compiler ABI info
[0.429s] -- Detecting C compiler ABI info - done
[0.437s] -- Check for working C compiler: /usr/bin/cc - skipped
[0.437s] -- Detecting C compile features
[0.438s] -- Detecting C compile features - done
[0.441s] -- Detecting CXX compiler ABI info
[0.516s] -- Detecting CXX compiler ABI info - done
[0.523s] -- Check for working CXX compiler: /usr/bin/c++ - skipped
[0.524s] -- Detecting CXX compile features
[0.524s] -- Detecting CXX compile features - done
[0.527s] -- Found ament_cmake: 1.3.11 (/opt/ros/humble/share/ament_cmake/cmake)
[0.861s] -- Found Python3: /usr/bin/python3 (found version "3.10.12") found components: Interpreter 
[0.927s] -- Override CMake install command with custom implementation using symlinks instead of copying resources
[1.034s] -- Found ament_cmake_pytest: 1.3.11 (/opt/ros/humble/share/ament_cmake_pytest/cmake)
[1.986s] -- Configuring done
[1.991s] -- Generating done
[1.994s] -- Build files have been written to: /home/turtlebot/Desktop/cycli_pursuit_ws2/build/crazyflie_sim
[1.999s] Invoked command in '/home/turtlebot/Desktop/cycli_pursuit_ws2/build/crazyflie_sim' returned '0': AMENT_PREFIX_PATH=/home/turtlebot/Desktop/cycli_pursuit_ws2/install/crazyflie_interfaces:${AMENT_PREFIX_PATH} CMAKE_PREFIX_PATH=/home/turtlebot/Desktop/cycli_pursuit_ws2/install/crazyflie_interfaces:/opt/ros/humble LD_LIBRARY_PATH=/home/turtlebot/Desktop/cycli_pursuit_ws2/install/crazyflie_interfaces/lib:${LD_LIBRARY_PATH} PYTHONPATH=/home/turtlebot/Desktop/cycli_pursuit_ws2/install/crazyflie_interfaces/local/lib/python3.10/dist-packages:${PYTHONPATH} /usr/bin/cmake /home/turtlebot/Desktop/cycli_pursuit_ws2/src/crazyswarm2/crazyflie_sim -DCMAKE_BUILD_TYPE=Release -DAMENT_CMAKE_SYMLINK_INSTALL=1 -DCMAKE_INSTALL_PREFIX=/home/turtlebot/Desktop/cycli_pursuit_ws2/install/crazyflie_sim
[2.000s] Invoking command in '/home/turtlebot/Desktop/cycli_pursuit_ws2/build/crazyflie_sim': AMENT_PREFIX_PATH=/home/turtlebot/Desktop/cycli_pursuit_ws2/install/crazyflie_interfaces:${AMENT_PREFIX_PATH} CMAKE_PREFIX_PATH=/home/turtlebot/Desktop/cycli_pursuit_ws2/install/crazyflie_interfaces:/opt/ros/humble LD_LIBRARY_PATH=/home/turtlebot/Desktop/cycli_pursuit_ws2/install/crazyflie_interfaces/lib:${LD_LIBRARY_PATH} PYTHONPATH=/home/turtlebot/Desktop/cycli_pursuit_ws2/install/crazyflie_interfaces/local/lib/python3.10/dist-packages:${PYTHONPATH} /usr/bin/cmake --build /home/turtlebot/Desktop/cycli_pursuit_ws2/build/crazyflie_sim -- -j20 -l20
[2.065s] Built target ament_cmake_python_symlink_crazyflie_sim_setup
[2.065s] Built target ament_cmake_python_symlink_crazyflie_sim
[2.316s] running egg_info
[2.352s] creating crazyflie_sim.egg-info
[2.352s] writing crazyflie_sim.egg-info/PKG-INFO
[2.353s] writing dependency_links to crazyflie_sim.egg-info/dependency_links.txt
[2.353s] writing entry points to crazyflie_sim.egg-info/entry_points.txt
[2.353s] writing top-level names to crazyflie_sim.egg-info/top_level.txt
[2.353s] writing manifest file 'crazyflie_sim.egg-info/SOURCES.txt'
[2.415s] reading manifest file 'crazyflie_sim.egg-info/SOURCES.txt'
[2.415s] writing manifest file 'crazyflie_sim.egg-info/SOURCES.txt'
[2.418s] running install_scripts
[2.440s] Built target ament_cmake_python_build_crazyflie_sim_egg
[2.473s] /home/turtlebot/.local/lib/python3.10/site-packages/setuptools/_distutils/cmd.py:66: SetuptoolsDeprecationWarning: setup.py install is deprecated.
[2.473s] !!
[2.474s] 
[2.474s]         ********************************************************************************
[2.474s]         Please avoid running ``setup.py`` directly.
[2.474s]         Instead, use pypa/build, pypa/installer or other
[2.474s]         standards-based tools.
[2.474s] 
[2.474s]         See https://blog.ganssle.io/articles/2021/10/setup-py-deprecated.html for details.
[2.474s]         ********************************************************************************
[2.474s] 
[2.474s] !!
[2.474s]   self.initialize_options()
[2.478s] running egg_info
[2.531s] writing crazyflie_sim.egg-info/PKG-INFO
[2.532s] writing dependency_links to crazyflie_sim.egg-info/dependency_links.txt
[2.532s] writing entry points to crazyflie_sim.egg-info/entry_points.txt
[2.532s] writing top-level names to crazyflie_sim.egg-info/top_level.txt
[2.584s] reading manifest file 'crazyflie_sim.egg-info/SOURCES.txt'
[2.586s] writing manifest file 'crazyflie_sim.egg-info/SOURCES.txt'
[2.751s] Installing crazyflie_server script to scripts
[2.780s] Built target ament_cmake_python_build_crazyflie_sim_scripts
[2.790s] Invoked command in '/home/turtlebot/Desktop/cycli_pursuit_ws2/build/crazyflie_sim' returned '0': AMENT_PREFIX_PATH=/home/turtlebot/Desktop/cycli_pursuit_ws2/install/crazyflie_interfaces:${AMENT_PREFIX_PATH} CMAKE_PREFIX_PATH=/home/turtlebot/Desktop/cycli_pursuit_ws2/install/crazyflie_interfaces:/opt/ros/humble LD_LIBRARY_PATH=/home/turtlebot/Desktop/cycli_pursuit_ws2/install/crazyflie_interfaces/lib:${LD_LIBRARY_PATH} PYTHONPATH=/home/turtlebot/Desktop/cycli_pursuit_ws2/install/crazyflie_interfaces/local/lib/python3.10/dist-packages:${PYTHONPATH} /usr/bin/cmake --build /home/turtlebot/Desktop/cycli_pursuit_ws2/build/crazyflie_sim -- -j20 -l20
[2.791s] Invoking command in '/home/turtlebot/Desktop/cycli_pursuit_ws2/build/crazyflie_sim': AMENT_PREFIX_PATH=/home/turtlebot/Desktop/cycli_pursuit_ws2/install/crazyflie_interfaces:${AMENT_PREFIX_PATH} CMAKE_PREFIX_PATH=/home/turtlebot/Desktop/cycli_pursuit_ws2/install/crazyflie_interfaces:/opt/ros/humble LD_LIBRARY_PATH=/home/turtlebot/Desktop/cycli_pursuit_ws2/install/crazyflie_interfaces/lib:${LD_LIBRARY_PATH} PYTHONPATH=/home/turtlebot/Desktop/cycli_pursuit_ws2/install/crazyflie_interfaces/local/lib/python3.10/dist-packages:${PYTHONPATH} /usr/bin/cmake --install /home/turtlebot/Desktop/cycli_pursuit_ws2/build/crazyflie_sim
[2.798s] -- Install configuration: "Release"
[2.799s] -- Execute custom install script
[2.799s] -- Symlinking: /home/turtlebot/Desktop/cycli_pursuit_ws2/install/crazyflie_sim/share/crazyflie_sim/environment/pythonpath.sh
[2.807s] -- Symlinking: /home/turtlebot/Desktop/cycli_pursuit_ws2/install/crazyflie_sim/share/crazyflie_sim/environment/pythonpath.dsv
[2.816s] -- Symlinking: /home/turtlebot/Desktop/cycli_pursuit_ws2/install/crazyflie_sim/local/lib/python3.10/dist-packages/crazyflie_sim-2.0.0-py3.10.egg-info/PKG-INFO
[2.824s] -- Symlinking: /home/turtlebot/Desktop/cycli_pursuit_ws2/install/crazyflie_sim/local/lib/python3.10/dist-packages/crazyflie_sim-2.0.0-py3.10.egg-info/SOURCES.txt
[2.832s] -- Symlinking: /home/turtlebot/Desktop/cycli_pursuit_ws2/install/crazyflie_sim/local/lib/python3.10/dist-packages/crazyflie_sim-2.0.0-py3.10.egg-info/dependency_links.txt
[2.840s] -- Symlinking: /home/turtlebot/Desktop/cycli_pursuit_ws2/install/crazyflie_sim/local/lib/python3.10/dist-packages/crazyflie_sim-2.0.0-py3.10.egg-info/entry_points.txt
[2.848s] -- Symlinking: /home/turtlebot/Desktop/cycli_pursuit_ws2/install/crazyflie_sim/local/lib/python3.10/dist-packages/crazyflie_sim-2.0.0-py3.10.egg-info/top_level.txt
[2.857s] -- Symlinking: /home/turtlebot/Desktop/cycli_pursuit_ws2/install/crazyflie_sim/lib/crazyflie_sim//crazyflie_server
[2.866s] -- Symlinking: /home/turtlebot/Desktop/cycli_pursuit_ws2/install/crazyflie_sim/local/lib/python3.10/dist-packages/crazyflie_sim/__init__.py
[2.874s] -- Symlinking: /home/turtlebot/Desktop/cycli_pursuit_ws2/install/crazyflie_sim/local/lib/python3.10/dist-packages/crazyflie_sim/backend/data/dynobench/crazyflie2.yaml
[2.882s] -- Symlinking: /home/turtlebot/Desktop/cycli_pursuit_ws2/install/crazyflie_sim/local/lib/python3.10/dist-packages/crazyflie_sim/backend/data/neuralswarm2/phi_G.pth
[2.890s] -- Symlinking: /home/turtlebot/Desktop/cycli_pursuit_ws2/install/crazyflie_sim/local/lib/python3.10/dist-packages/crazyflie_sim/backend/data/neuralswarm2/phi_L.pth
[2.899s] -- Symlinking: /home/turtlebot/Desktop/cycli_pursuit_ws2/install/crazyflie_sim/local/lib/python3.10/dist-packages/crazyflie_sim/backend/data/neuralswarm2/phi_S.pth
[2.907s] -- Symlinking: /home/turtlebot/Desktop/cycli_pursuit_ws2/install/crazyflie_sim/local/lib/python3.10/dist-packages/crazyflie_sim/backend/data/neuralswarm2/rho_L.pth
[2.915s] -- Symlinking: /home/turtlebot/Desktop/cycli_pursuit_ws2/install/crazyflie_sim/local/lib/python3.10/dist-packages/crazyflie_sim/backend/data/neuralswarm2/rho_S.pth
[2.924s] -- Symlinking: /home/turtlebot/Desktop/cycli_pursuit_ws2/install/crazyflie_sim/local/lib/python3.10/dist-packages/crazyflie_sim/backend/data/pinocchio/crazyflie2.urdf
[2.932s] -- Symlinking: /home/turtlebot/Desktop/cycli_pursuit_ws2/install/crazyflie_sim/local/lib/python3.10/dist-packages/crazyflie_sim/backend/dynobench.py
[2.940s] -- Symlinking: /home/turtlebot/Desktop/cycli_pursuit_ws2/install/crazyflie_sim/local/lib/python3.10/dist-packages/crazyflie_sim/backend/neuralswarm.py
[2.948s] -- Symlinking: /home/turtlebot/Desktop/cycli_pursuit_ws2/install/crazyflie_sim/local/lib/python3.10/dist-packages/crazyflie_sim/backend/none.py
[2.955s] -- Symlinking: /home/turtlebot/Desktop/cycli_pursuit_ws2/install/crazyflie_sim/local/lib/python3.10/dist-packages/crazyflie_sim/backend/np.py
[2.963s] -- Symlinking: /home/turtlebot/Desktop/cycli_pursuit_ws2/install/crazyflie_sim/local/lib/python3.10/dist-packages/crazyflie_sim/backend/pinocchio.py
[2.971s] -- Symlinking: /home/turtlebot/Desktop/cycli_pursuit_ws2/install/crazyflie_sim/local/lib/python3.10/dist-packages/crazyflie_sim/crazyflie_server.py
[2.979s] -- Symlinking: /home/turtlebot/Desktop/cycli_pursuit_ws2/install/crazyflie_sim/local/lib/python3.10/dist-packages/crazyflie_sim/crazyflie_sil.py
[2.987s] -- Symlinking: /home/turtlebot/Desktop/cycli_pursuit_ws2/install/crazyflie_sim/local/lib/python3.10/dist-packages/crazyflie_sim/sim_data_types.py
[2.995s] -- Symlinking: /home/turtlebot/Desktop/cycli_pursuit_ws2/install/crazyflie_sim/local/lib/python3.10/dist-packages/crazyflie_sim/visualization/README.md
[3.003s] -- Symlinking: /home/turtlebot/Desktop/cycli_pursuit_ws2/install/crazyflie_sim/local/lib/python3.10/dist-packages/crazyflie_sim/visualization/blender.py
[3.012s] -- Symlinking: /home/turtlebot/Desktop/cycli_pursuit_ws2/install/crazyflie_sim/local/lib/python3.10/dist-packages/crazyflie_sim/visualization/data/README.md
[3.020s] -- Symlinking: /home/turtlebot/Desktop/cycli_pursuit_ws2/install/crazyflie_sim/local/lib/python3.10/dist-packages/crazyflie_sim/visualization/data/env/abandoned_greenhouse.jpg
[3.027s] -- Symlinking: /home/turtlebot/Desktop/cycli_pursuit_ws2/install/crazyflie_sim/local/lib/python3.10/dist-packages/crazyflie_sim/visualization/data/env/aerodynamics_workshop.jpg
[3.035s] -- Symlinking: /home/turtlebot/Desktop/cycli_pursuit_ws2/install/crazyflie_sim/local/lib/python3.10/dist-packages/crazyflie_sim/visualization/data/env/aviation_museum.jpg
[3.043s] -- Symlinking: /home/turtlebot/Desktop/cycli_pursuit_ws2/install/crazyflie_sim/local/lib/python3.10/dist-packages/crazyflie_sim/visualization/data/env/crosswalk.jpg
[3.051s] -- Symlinking: /home/turtlebot/Desktop/cycli_pursuit_ws2/install/crazyflie_sim/local/lib/python3.10/dist-packages/crazyflie_sim/visualization/data/env/derelict_overpass.jpg
[3.059s] -- Symlinking: /home/turtlebot/Desktop/cycli_pursuit_ws2/install/crazyflie_sim/local/lib/python3.10/dist-packages/crazyflie_sim/visualization/data/env/env.jpg
[3.067s] -- Symlinking: /home/turtlebot/Desktop/cycli_pursuit_ws2/install/crazyflie_sim/local/lib/python3.10/dist-packages/crazyflie_sim/visualization/data/env/lago_disola.jpg
[3.075s] -- Symlinking: /home/turtlebot/Desktop/cycli_pursuit_ws2/install/crazyflie_sim/local/lib/python3.10/dist-packages/crazyflie_sim/visualization/data/env/lake_pier.jpg
[3.083s] -- Symlinking: /home/turtlebot/Desktop/cycli_pursuit_ws2/install/crazyflie_sim/local/lib/python3.10/dist-packages/crazyflie_sim/visualization/data/env/machine_shop.jpg
[3.091s] -- Symlinking: /home/turtlebot/Desktop/cycli_pursuit_ws2/install/crazyflie_sim/local/lib/python3.10/dist-packages/crazyflie_sim/visualization/data/env/museumplein.jpg
[3.099s] -- Symlinking: /home/turtlebot/Desktop/cycli_pursuit_ws2/install/crazyflie_sim/local/lib/python3.10/dist-packages/crazyflie_sim/visualization/data/env/peppermint_powerplant.jpg
[3.108s] -- Symlinking: /home/turtlebot/Desktop/cycli_pursuit_ws2/install/crazyflie_sim/local/lib/python3.10/dist-packages/crazyflie_sim/visualization/data/env/studio_garden.jpg
[3.116s] -- Symlinking: /home/turtlebot/Desktop/cycli_pursuit_ws2/install/crazyflie_sim/local/lib/python3.10/dist-packages/crazyflie_sim/visualization/data/model/cf.mtl
[3.124s] -- Symlinking: /home/turtlebot/Desktop/cycli_pursuit_ws2/install/crazyflie_sim/local/lib/python3.10/dist-packages/crazyflie_sim/visualization/data/model/cf.obj
[3.132s] -- Symlinking: /home/turtlebot/Desktop/cycli_pursuit_ws2/install/crazyflie_sim/local/lib/python3.10/dist-packages/crazyflie_sim/visualization/pdf.py
[3.140s] -- Symlinking: /home/turtlebot/Desktop/cycli_pursuit_ws2/install/crazyflie_sim/local/lib/python3.10/dist-packages/crazyflie_sim/visualization/record_states.py
[3.148s] -- Symlinking: /home/turtlebot/Desktop/cycli_pursuit_ws2/install/crazyflie_sim/local/lib/python3.10/dist-packages/crazyflie_sim/visualization/rviz.py
[3.157s] -- Symlinking: /home/turtlebot/Desktop/cycli_pursuit_ws2/install/crazyflie_sim/share/ament_index/resource_index/package_run_dependencies/crazyflie_sim
[3.165s] -- Symlinking: /home/turtlebot/Desktop/cycli_pursuit_ws2/install/crazyflie_sim/share/ament_index/resource_index/parent_prefix_path/crazyflie_sim
[3.173s] -- Symlinking: /home/turtlebot/Desktop/cycli_pursuit_ws2/install/crazyflie_sim/share/crazyflie_sim/environment/ament_prefix_path.sh
[3.182s] -- Symlinking: /home/turtlebot/Desktop/cycli_pursuit_ws2/install/crazyflie_sim/share/crazyflie_sim/environment/ament_prefix_path.dsv
[3.190s] -- Symlinking: /home/turtlebot/Desktop/cycli_pursuit_ws2/install/crazyflie_sim/share/crazyflie_sim/environment/path.sh
[3.198s] -- Symlinking: /home/turtlebot/Desktop/cycli_pursuit_ws2/install/crazyflie_sim/share/crazyflie_sim/environment/path.dsv
[3.206s] -- Symlinking: /home/turtlebot/Desktop/cycli_pursuit_ws2/install/crazyflie_sim/share/crazyflie_sim/local_setup.bash
[3.214s] -- Symlinking: /home/turtlebot/Desktop/cycli_pursuit_ws2/install/crazyflie_sim/share/crazyflie_sim/local_setup.sh
[3.222s] -- Symlinking: /home/turtlebot/Desktop/cycli_pursuit_ws2/install/crazyflie_sim/share/crazyflie_sim/local_setup.zsh
[3.230s] -- Symlinking: /home/turtlebot/Desktop/cycli_pursuit_ws2/install/crazyflie_sim/share/crazyflie_sim/local_setup.dsv
[3.237s] -- Symlinking: /home/turtlebot/Desktop/cycli_pursuit_ws2/install/crazyflie_sim/share/crazyflie_sim/package.dsv
[3.245s] -- Symlinking: /home/turtlebot/Desktop/cycli_pursuit_ws2/install/crazyflie_sim/share/ament_index/resource_index/packages/crazyflie_sim
[3.254s] -- Symlinking: /home/turtlebot/Desktop/cycli_pursuit_ws2/install/crazyflie_sim/share/crazyflie_sim/cmake/crazyflie_simConfig.cmake
[3.262s] -- Symlinking: /home/turtlebot/Desktop/cycli_pursuit_ws2/install/crazyflie_sim/share/crazyflie_sim/cmake/crazyflie_simConfig-version.cmake
[3.270s] -- Symlinking: /home/turtlebot/Desktop/cycli_pursuit_ws2/install/crazyflie_sim/share/crazyflie_sim/package.xml
[3.325s] Listing '/home/turtlebot/Desktop/cycli_pursuit_ws2/install/crazyflie_sim/local/lib/python3.10/dist-packages/crazyflie_sim'...
[3.325s] Compiling '/home/turtlebot/Desktop/cycli_pursuit_ws2/install/crazyflie_sim/local/lib/python3.10/dist-packages/crazyflie_sim/__init__.py'...
[3.325s] Listing '/home/turtlebot/Desktop/cycli_pursuit_ws2/install/crazyflie_sim/local/lib/python3.10/dist-packages/crazyflie_sim/backend'...
[3.325s] Listing '/home/turtlebot/Desktop/cycli_pursuit_ws2/install/crazyflie_sim/local/lib/python3.10/dist-packages/crazyflie_sim/backend/data'...
[3.325s] Listing '/home/turtlebot/Desktop/cycli_pursuit_ws2/install/crazyflie_sim/local/lib/python3.10/dist-packages/crazyflie_sim/backend/data/dynobench'...
[3.325s] Listing '/home/turtlebot/Desktop/cycli_pursuit_ws2/install/crazyflie_sim/local/lib/python3.10/dist-packages/crazyflie_sim/backend/data/neuralswarm2'...
[3.325s] Listing '/home/turtlebot/Desktop/cycli_pursuit_ws2/install/crazyflie_sim/local/lib/python3.10/dist-packages/crazyflie_sim/backend/data/pinocchio'...
[3.325s] Compiling '/home/turtlebot/Desktop/cycli_pursuit_ws2/install/crazyflie_sim/local/lib/python3.10/dist-packages/crazyflie_sim/backend/dynobench.py'...
[3.325s] Compiling '/home/turtlebot/Desktop/cycli_pursuit_ws2/install/crazyflie_sim/local/lib/python3.10/dist-packages/crazyflie_sim/backend/neuralswarm.py'...
[3.325s] Compiling '/home/turtlebot/Desktop/cycli_pursuit_ws2/install/crazyflie_sim/local/lib/python3.10/dist-packages/crazyflie_sim/backend/none.py'...
[3.325s] Compiling '/home/turtlebot/Desktop/cycli_pursuit_ws2/install/crazyflie_sim/local/lib/python3.10/dist-packages/crazyflie_sim/backend/np.py'...
[3.325s] Compiling '/home/turtlebot/Desktop/cycli_pursuit_ws2/install/crazyflie_sim/local/lib/python3.10/dist-packages/crazyflie_sim/backend/pinocchio.py'...
[3.325s] Compiling '/home/turtlebot/Desktop/cycli_pursuit_ws2/install/crazyflie_sim/local/lib/python3.10/dist-packages/crazyflie_sim/crazyflie_server.py'...
[3.326s] Compiling '/home/turtlebot/Desktop/cycli_pursuit_ws2/install/crazyflie_sim/local/lib/python3.10/dist-packages/crazyflie_sim/crazyflie_sil.py'...
[3.326s] Compiling '/home/turtlebot/Desktop/cycli_pursuit_ws2/install/crazyflie_sim/local/lib/python3.10/dist-packages/crazyflie_sim/sim_data_types.py'...
[3.326s] Listing '/home/turtlebot/Desktop/cycli_pursuit_ws2/install/crazyflie_sim/local/lib/python3.10/dist-packages/crazyflie_sim/visualization'...
[3.326s] Compiling '/home/turtlebot/Desktop/cycli_pursuit_ws2/install/crazyflie_sim/local/lib/python3.10/dist-packages/crazyflie_sim/visualization/blender.py'...
[3.326s] Listing '/home/turtlebot/Desktop/cycli_pursuit_ws2/install/crazyflie_sim/local/lib/python3.10/dist-packages/crazyflie_sim/visualization/data'...
[3.326s] Listing '/home/turtlebot/Desktop/cycli_pursuit_ws2/install/crazyflie_sim/local/lib/python3.10/dist-packages/crazyflie_sim/visualization/data/env'...
[3.326s] Listing '/home/turtlebot/Desktop/cycli_pursuit_ws2/install/crazyflie_sim/local/lib/python3.10/dist-packages/crazyflie_sim/visualization/data/model'...
[3.326s] Compiling '/home/turtlebot/Desktop/cycli_pursuit_ws2/install/crazyflie_sim/local/lib/python3.10/dist-packages/crazyflie_sim/visualization/pdf.py'...
[3.326s] Compiling '/home/turtlebot/Desktop/cycli_pursuit_ws2/install/crazyflie_sim/local/lib/python3.10/dist-packages/crazyflie_sim/visualization/record_states.py'...
[3.326s] Compiling '/home/turtlebot/Desktop/cycli_pursuit_ws2/install/crazyflie_sim/local/lib/python3.10/dist-packages/crazyflie_sim/visualization/rviz.py'...
[3.332s] Invoked command in '/home/turtlebot/Desktop/cycli_pursuit_ws2/build/crazyflie_sim' returned '0': AMENT_PREFIX_PATH=/home/turtlebot/Desktop/cycli_pursuit_ws2/install/crazyflie_interfaces:${AMENT_PREFIX_PATH} CMAKE_PREFIX_PATH=/home/turtlebot/Desktop/cycli_pursuit_ws2/install/crazyflie_interfaces:/opt/ros/humble LD_LIBRARY_PATH=/home/turtlebot/Desktop/cycli_pursuit_ws2/install/crazyflie_interfaces/lib:${LD_LIBRARY_PATH} PYTHONPATH=/home/turtlebot/Desktop/cycli_pursuit_ws2/install/crazyflie_interfaces/local/lib/python3.10/dist-packages:${PYTHONPATH} /usr/bin/cmake --install /home/turtlebot/Desktop/cycli_pursuit_ws2/build/crazyflie_sim
