[0.927s] Invoking command in '/home/turtlebot/Desktop/cycli_pursuit_ws2/build/crazyflie_py': AMENT_PREFIX_PATH=/home/turtlebot/Desktop/cycli_pursuit_ws2/install/crazyflie_interfaces:${AMENT_PREFIX_PATH} CMAKE_PREFIX_PATH=/home/turtlebot/Desktop/cycli_pursuit_ws2/install/crazyflie_interfaces LD_LIBRARY_PATH=/home/turtlebot/Desktop/cycli_pursuit_ws2/install/crazyflie_interfaces/lib:${LD_LIBRARY_PATH} PYTHONPATH=/home/turtlebot/Desktop/cycli_pursuit_ws2/build/crazyflie_py/prefix_override:/usr/lib/python3/dist-packages/colcon_core/task/python/colcon_distutils_commands:/home/turtlebot/Desktop/cycli_pursuit_ws2/install/crazyflie_py/lib/python3.10/site-packages:/home/turtlebot/Desktop/cycli_pursuit_ws2/install/crazyflie_interfaces/local/lib/python3.10/dist-packages:${PYTHONPATH} /usr/bin/python3 -W ignore:setup.py install is deprecated -W ignore:easy_install command is deprecated setup.py develop --editable --build-directory /home/turtlebot/Desktop/cycli_pursuit_ws2/build/crazyflie_py/build --no-deps symlink_data
[1.037s] /home/turtlebot/.local/lib/python3.10/site-packages/setuptools/_distutils/dist.py:261: UserWarning: Unknown distribution option: 'tests_require'
[1.037s]   warnings.warn(msg)
[1.161s] running develop
[1.323s] running egg_info
[1.340s] creating crazyflie_py.egg-info
[1.340s] writing crazyflie_py.egg-info/PKG-INFO
[1.340s] writing dependency_links to crazyflie_py.egg-info/dependency_links.txt
[1.340s] writing requirements to crazyflie_py.egg-info/requires.txt
[1.341s] writing top-level names to crazyflie_py.egg-info/top_level.txt
[1.341s] writing manifest file 'crazyflie_py.egg-info/SOURCES.txt'
[1.366s] reading manifest file 'crazyflie_py.egg-info/SOURCES.txt'
[1.367s] writing manifest file 'crazyflie_py.egg-info/SOURCES.txt'
[1.380s] running build_ext
[1.380s] Creating /home/turtlebot/Desktop/cycli_pursuit_ws2/install/crazyflie_py/lib/python3.10/site-packages/crazyflie-py.egg-link (link to .)
[1.380s] 
[1.380s] Installed /home/turtlebot/Desktop/cycli_pursuit_ws2/build/crazyflie_py
[1.380s] running symlink_data
[1.381s] creating /home/turtlebot/Desktop/cycli_pursuit_ws2/install/crazyflie_py/share/ament_index/resource_index/packages
[1.381s] symbolically linking /home/turtlebot/Desktop/cycli_pursuit_ws2/build/crazyflie_py/resource/crazyflie_py -> /home/turtlebot/Desktop/cycli_pursuit_ws2/install/crazyflie_py/share/ament_index/resource_index/packages
[1.381s] symbolically linking /home/turtlebot/Desktop/cycli_pursuit_ws2/build/crazyflie_py/package.xml -> /home/turtlebot/Desktop/cycli_pursuit_ws2/install/crazyflie_py/share/crazyflie_py
[1.402s] Invoked command in '/home/turtlebot/Desktop/cycli_pursuit_ws2/build/crazyflie_py' returned '0': AMENT_PREFIX_PATH=/home/turtlebot/Desktop/cycli_pursuit_ws2/install/crazyflie_interfaces:${AMENT_PREFIX_PATH} CMAKE_PREFIX_PATH=/home/turtlebot/Desktop/cycli_pursuit_ws2/install/crazyflie_interfaces LD_LIBRARY_PATH=/home/turtlebot/Desktop/cycli_pursuit_ws2/install/crazyflie_interfaces/lib:${LD_LIBRARY_PATH} PYTHONPATH=/home/turtlebot/Desktop/cycli_pursuit_ws2/build/crazyflie_py/prefix_override:/usr/lib/python3/dist-packages/colcon_core/task/python/colcon_distutils_commands:/home/turtlebot/Desktop/cycli_pursuit_ws2/install/crazyflie_py/lib/python3.10/site-packages:/home/turtlebot/Desktop/cycli_pursuit_ws2/install/crazyflie_interfaces/local/lib/python3.10/dist-packages:${PYTHONPATH} /usr/bin/python3 -W ignore:setup.py install is deprecated -W ignore:easy_install command is deprecated setup.py develop --editable --build-directory /home/turtlebot/Desktop/cycli_pursuit_ws2/build/crazyflie_py/build --no-deps symlink_data
