[0.786s] Invoking command in '/home/kiredoo/crazyflie-basics/cf_workspace/src/takeoff': PYTHONPATH=/home/kiredoo/crazyflie-basics/build/takeoff/prefix_override:/usr/lib/python3/dist-packages/colcon_core/task/python/colcon_distutils_commands:/home/kiredoo/crazyflie-basics/install/takeoff/lib/python3.10/site-packages:${PYTHONPATH} /usr/bin/python3 -W ignore:setup.py install is deprecated setup.py egg_info --egg-base ../../../build/takeoff build --build-base /home/kiredoo/crazyflie-basics/build/takeoff/build install --record /home/kiredoo/crazyflie-basics/build/takeoff/install.log --single-version-externally-managed install_data
[1.008s] running egg_info
[1.008s] writing ../../../build/takeoff/takeoff.egg-info/PKG-INFO
[1.008s] writing dependency_links to ../../../build/takeoff/takeoff.egg-info/dependency_links.txt
[1.009s] writing entry points to ../../../build/takeoff/takeoff.egg-info/entry_points.txt
[1.009s] writing requirements to ../../../build/takeoff/takeoff.egg-info/requires.txt
[1.009s] writing top-level names to ../../../build/takeoff/takeoff.egg-info/top_level.txt
[1.010s] reading manifest file '../../../build/takeoff/takeoff.egg-info/SOURCES.txt'
[1.010s] adding license file 'LICENSE'
[1.011s] writing manifest file '../../../build/takeoff/takeoff.egg-info/SOURCES.txt'
[1.011s] running build
[1.011s] running build_py
[1.011s] running install
[1.011s] running install_lib
[1.012s] running install_data
[1.012s] running install_egg_info
[1.014s] removing '/home/kiredoo/crazyflie-basics/install/takeoff/lib/python3.10/site-packages/takeoff-0.0.0-py3.10.egg-info' (and everything under it)
[1.014s] Copying ../../../build/takeoff/takeoff.egg-info to /home/kiredoo/crazyflie-basics/install/takeoff/lib/python3.10/site-packages/takeoff-0.0.0-py3.10.egg-info
[1.015s] running install_scripts
[1.032s] Installing takeoff script to /home/kiredoo/crazyflie-basics/install/takeoff/lib/takeoff
[1.032s] writing list of installed files to '/home/kiredoo/crazyflie-basics/build/takeoff/install.log'
[1.055s] Invoked command in '/home/kiredoo/crazyflie-basics/cf_workspace/src/takeoff' returned '0': PYTHONPATH=/home/kiredoo/crazyflie-basics/build/takeoff/prefix_override:/usr/lib/python3/dist-packages/colcon_core/task/python/colcon_distutils_commands:/home/kiredoo/crazyflie-basics/install/takeoff/lib/python3.10/site-packages:${PYTHONPATH} /usr/bin/python3 -W ignore:setup.py install is deprecated setup.py egg_info --egg-base ../../../build/takeoff build --build-base /home/kiredoo/crazyflie-basics/build/takeoff/build install --record /home/kiredoo/crazyflie-basics/build/takeoff/install.log --single-version-externally-managed install_data
