[0.244s] DEBUG:colcon:Command line arguments: ['/usr/bin/colcon', 'build']
[0.244s] DEBUG:colcon:Parsed command line arguments: Namespace(log_base=None, log_level=None, verb_name='build', build_base='build', install_base='install', merge_install=False, symlink_install=False, test_result_base=None, continue_on_error=False, executor='parallel', parallel_workers=16, event_handlers=None, ignore_user_meta=False, metas=['./colcon.meta'], base_paths=['.'], packages_ignore=None, packages_ignore_regex=None, paths=None, packages_up_to=None, packages_up_to_regex=None, packages_above=None, packages_above_and_dependencies=None, packages_above_depth=None, packages_select_by_dep=None, packages_skip_by_dep=None, packages_skip_up_to=None, packages_select_build_failed=False, packages_skip_build_finished=False, packages_select_test_failures=False, packages_skip_test_passed=False, packages_select=None, packages_skip=None, packages_select_regex=None, packages_skip_regex=None, packages_start=None, packages_end=None, allow_overriding=[], cmake_args=None, cmake_target=None, cmake_target_skip_unavailable=False, cmake_clean_cache=False, cmake_clean_first=False, cmake_force_configure=False, ament_cmake_args=None, catkin_cmake_args=None, catkin_skip_building_tests=False, verb_parser=<colcon_defaults.argument_parser.defaults.DefaultArgumentsDecorator object at 0x7fe77aa18ee0>, verb_extension=<colcon_core.verb.build.BuildVerb object at 0x7fe77aa189d0>, main=<bound method BuildVerb.main of <colcon_core.verb.build.BuildVerb object at 0x7fe77aa189d0>>)
[0.574s] Level 1:colcon.colcon_core.package_discovery:discover_packages(colcon_meta) check parameters
[0.574s] Level 1:colcon.colcon_core.package_discovery:discover_packages(recursive) check parameters
[0.574s] Level 1:colcon.colcon_core.package_discovery:discover_packages(ignore) check parameters
[0.574s] Level 1:colcon.colcon_core.package_discovery:discover_packages(path) check parameters
[0.574s] Level 1:colcon.colcon_core.package_discovery:discover_packages(colcon_meta) discover
[0.574s] Level 1:colcon.colcon_core.package_discovery:discover_packages(recursive) discover
[0.574s] INFO:colcon.colcon_core.package_discovery:Crawling recursively for packages in '/home/kiredoo/crazyflie-basics'
[0.574s] Level 1:colcon.colcon_core.package_identification:_identify(.) by extensions ['ignore', 'ignore_ament_install']
[0.574s] Level 1:colcon.colcon_core.package_identification:_identify(.) by extension 'ignore'
[0.574s] Level 1:colcon.colcon_core.package_identification:_identify(.) by extension 'ignore_ament_install'
[0.575s] Level 1:colcon.colcon_core.package_identification:_identify(.) by extensions ['colcon_pkg']
[0.575s] Level 1:colcon.colcon_core.package_identification:_identify(.) by extension 'colcon_pkg'
[0.575s] Level 1:colcon.colcon_core.package_identification:_identify(.) by extensions ['colcon_meta']
[0.575s] Level 1:colcon.colcon_core.package_identification:_identify(.) by extension 'colcon_meta'
[0.575s] Level 1:colcon.colcon_core.package_identification:_identify(.) by extensions ['ros']
[0.575s] Level 1:colcon.colcon_core.package_identification:_identify(.) by extension 'ros'
[0.587s] Level 1:colcon.colcon_core.package_identification:_identify(.) by extensions ['cmake', 'python']
[0.588s] Level 1:colcon.colcon_core.package_identification:_identify(.) by extension 'cmake'
[0.588s] Level 1:colcon.colcon_core.package_identification:_identify(.) by extension 'python'
[0.588s] Level 1:colcon.colcon_core.package_identification:_identify(.) by extensions ['python_setup_py']
[0.588s] Level 1:colcon.colcon_core.package_identification:_identify(.) by extension 'python_setup_py'
[0.588s] Level 1:colcon.colcon_core.package_identification:_identify(build) by extensions ['ignore', 'ignore_ament_install']
[0.588s] Level 1:colcon.colcon_core.package_identification:_identify(build) by extension 'ignore'
[0.588s] Level 1:colcon.colcon_core.package_identification:_identify(build) ignored
[0.588s] Level 1:colcon.colcon_core.package_identification:_identify(cache) by extensions ['ignore', 'ignore_ament_install']
[0.588s] Level 1:colcon.colcon_core.package_identification:_identify(cache) by extension 'ignore'
[0.588s] Level 1:colcon.colcon_core.package_identification:_identify(cache) by extension 'ignore_ament_install'
[0.589s] Level 1:colcon.colcon_core.package_identification:_identify(cache) by extensions ['colcon_pkg']
[0.589s] Level 1:colcon.colcon_core.package_identification:_identify(cache) by extension 'colcon_pkg'
[0.589s] Level 1:colcon.colcon_core.package_identification:_identify(cache) by extensions ['colcon_meta']
[0.589s] Level 1:colcon.colcon_core.package_identification:_identify(cache) by extension 'colcon_meta'
[0.589s] Level 1:colcon.colcon_core.package_identification:_identify(cache) by extensions ['ros']
[0.589s] Level 1:colcon.colcon_core.package_identification:_identify(cache) by extension 'ros'
[0.589s] Level 1:colcon.colcon_core.package_identification:_identify(cache) by extensions ['cmake', 'python']
[0.589s] Level 1:colcon.colcon_core.package_identification:_identify(cache) by extension 'cmake'
[0.589s] Level 1:colcon.colcon_core.package_identification:_identify(cache) by extension 'python'
[0.589s] Level 1:colcon.colcon_core.package_identification:_identify(cache) by extensions ['python_setup_py']
[0.589s] Level 1:colcon.colcon_core.package_identification:_identify(cache) by extension 'python_setup_py'
[0.589s] Level 1:colcon.colcon_core.package_identification:_identify(cf_workspace) by extensions ['ignore', 'ignore_ament_install']
[0.589s] Level 1:colcon.colcon_core.package_identification:_identify(cf_workspace) by extension 'ignore'
[0.589s] Level 1:colcon.colcon_core.package_identification:_identify(cf_workspace) by extension 'ignore_ament_install'
[0.589s] Level 1:colcon.colcon_core.package_identification:_identify(cf_workspace) by extensions ['colcon_pkg']
[0.589s] Level 1:colcon.colcon_core.package_identification:_identify(cf_workspace) by extension 'colcon_pkg'
[0.589s] Level 1:colcon.colcon_core.package_identification:_identify(cf_workspace) by extensions ['colcon_meta']
[0.589s] Level 1:colcon.colcon_core.package_identification:_identify(cf_workspace) by extension 'colcon_meta'
[0.589s] Level 1:colcon.colcon_core.package_identification:_identify(cf_workspace) by extensions ['ros']
[0.589s] Level 1:colcon.colcon_core.package_identification:_identify(cf_workspace) by extension 'ros'
[0.590s] Level 1:colcon.colcon_core.package_identification:_identify(cf_workspace) by extensions ['cmake', 'python']
[0.590s] Level 1:colcon.colcon_core.package_identification:_identify(cf_workspace) by extension 'cmake'
[0.590s] Level 1:colcon.colcon_core.package_identification:_identify(cf_workspace) by extension 'python'
[0.590s] Level 1:colcon.colcon_core.package_identification:_identify(cf_workspace) by extensions ['python_setup_py']
[0.590s] Level 1:colcon.colcon_core.package_identification:_identify(cf_workspace) by extension 'python_setup_py'
[0.590s] Level 1:colcon.colcon_core.package_identification:_identify(cf_workspace/src) by extensions ['ignore', 'ignore_ament_install']
[0.590s] Level 1:colcon.colcon_core.package_identification:_identify(cf_workspace/src) by extension 'ignore'
[0.590s] Level 1:colcon.colcon_core.package_identification:_identify(cf_workspace/src) by extension 'ignore_ament_install'
[0.590s] Level 1:colcon.colcon_core.package_identification:_identify(cf_workspace/src) by extensions ['colcon_pkg']
[0.590s] Level 1:colcon.colcon_core.package_identification:_identify(cf_workspace/src) by extension 'colcon_pkg'
[0.590s] Level 1:colcon.colcon_core.package_identification:_identify(cf_workspace/src) by extensions ['colcon_meta']
[0.590s] Level 1:colcon.colcon_core.package_identification:_identify(cf_workspace/src) by extension 'colcon_meta'
[0.590s] Level 1:colcon.colcon_core.package_identification:_identify(cf_workspace/src) by extensions ['ros']
[0.590s] Level 1:colcon.colcon_core.package_identification:_identify(cf_workspace/src) by extension 'ros'
[0.590s] Level 1:colcon.colcon_core.package_identification:_identify(cf_workspace/src) by extensions ['cmake', 'python']
[0.590s] Level 1:colcon.colcon_core.package_identification:_identify(cf_workspace/src) by extension 'cmake'
[0.590s] Level 1:colcon.colcon_core.package_identification:_identify(cf_workspace/src) by extension 'python'
[0.590s] Level 1:colcon.colcon_core.package_identification:_identify(cf_workspace/src) by extensions ['python_setup_py']
[0.590s] Level 1:colcon.colcon_core.package_identification:_identify(cf_workspace/src) by extension 'python_setup_py'
[0.590s] Level 1:colcon.colcon_core.package_identification:_identify(cf_workspace/src/takeoff) by extensions ['ignore', 'ignore_ament_install']
[0.590s] Level 1:colcon.colcon_core.package_identification:_identify(cf_workspace/src/takeoff) by extension 'ignore'
[0.591s] Level 1:colcon.colcon_core.package_identification:_identify(cf_workspace/src/takeoff) by extension 'ignore_ament_install'
[0.591s] Level 1:colcon.colcon_core.package_identification:_identify(cf_workspace/src/takeoff) by extensions ['colcon_pkg']
[0.591s] Level 1:colcon.colcon_core.package_identification:_identify(cf_workspace/src/takeoff) by extension 'colcon_pkg'
[0.591s] Level 1:colcon.colcon_core.package_identification:_identify(cf_workspace/src/takeoff) by extensions ['colcon_meta']
[0.591s] Level 1:colcon.colcon_core.package_identification:_identify(cf_workspace/src/takeoff) by extension 'colcon_meta'
[0.591s] Level 1:colcon.colcon_core.package_identification:_identify(cf_workspace/src/takeoff) by extensions ['ros']
[0.591s] Level 1:colcon.colcon_core.package_identification:_identify(cf_workspace/src/takeoff) by extension 'ros'
[0.593s] DEBUG:colcon.colcon_core.package_identification:Package 'cf_workspace/src/takeoff' with type 'ros.ament_python' and name 'takeoff'
[0.593s] Level 1:colcon.colcon_core.package_identification:_identify(cyclic_persuit_simulation) by extensions ['ignore', 'ignore_ament_install']
[0.593s] Level 1:colcon.colcon_core.package_identification:_identify(cyclic_persuit_simulation) by extension 'ignore'
[0.593s] Level 1:colcon.colcon_core.package_identification:_identify(cyclic_persuit_simulation) by extension 'ignore_ament_install'
[0.593s] Level 1:colcon.colcon_core.package_identification:_identify(cyclic_persuit_simulation) by extensions ['colcon_pkg']
[0.593s] Level 1:colcon.colcon_core.package_identification:_identify(cyclic_persuit_simulation) by extension 'colcon_pkg'
[0.593s] Level 1:colcon.colcon_core.package_identification:_identify(cyclic_persuit_simulation) by extensions ['colcon_meta']
[0.594s] Level 1:colcon.colcon_core.package_identification:_identify(cyclic_persuit_simulation) by extension 'colcon_meta'
[0.594s] Level 1:colcon.colcon_core.package_identification:_identify(cyclic_persuit_simulation) by extensions ['ros']
[0.594s] Level 1:colcon.colcon_core.package_identification:_identify(cyclic_persuit_simulation) by extension 'ros'
[0.594s] Level 1:colcon.colcon_core.package_identification:_identify(cyclic_persuit_simulation) by extensions ['cmake', 'python']
[0.594s] Level 1:colcon.colcon_core.package_identification:_identify(cyclic_persuit_simulation) by extension 'cmake'
[0.594s] Level 1:colcon.colcon_core.package_identification:_identify(cyclic_persuit_simulation) by extension 'python'
[0.594s] Level 1:colcon.colcon_core.package_identification:_identify(cyclic_persuit_simulation) by extensions ['python_setup_py']
[0.594s] Level 1:colcon.colcon_core.package_identification:_identify(cyclic_persuit_simulation) by extension 'python_setup_py'
[0.594s] Level 1:colcon.colcon_core.package_identification:_identify(install) by extensions ['ignore', 'ignore_ament_install']
[0.594s] Level 1:colcon.colcon_core.package_identification:_identify(install) by extension 'ignore'
[0.594s] Level 1:colcon.colcon_core.package_identification:_identify(install) ignored
[0.594s] Level 1:colcon.colcon_core.package_identification:_identify(isaac_v1) by extensions ['ignore', 'ignore_ament_install']
[0.594s] Level 1:colcon.colcon_core.package_identification:_identify(isaac_v1) by extension 'ignore'
[0.594s] Level 1:colcon.colcon_core.package_identification:_identify(isaac_v1) by extension 'ignore_ament_install'
[0.594s] Level 1:colcon.colcon_core.package_identification:_identify(isaac_v1) by extensions ['colcon_pkg']
[0.594s] Level 1:colcon.colcon_core.package_identification:_identify(isaac_v1) by extension 'colcon_pkg'
[0.594s] Level 1:colcon.colcon_core.package_identification:_identify(isaac_v1) by extensions ['colcon_meta']
[0.594s] Level 1:colcon.colcon_core.package_identification:_identify(isaac_v1) by extension 'colcon_meta'
[0.594s] Level 1:colcon.colcon_core.package_identification:_identify(isaac_v1) by extensions ['ros']
[0.594s] Level 1:colcon.colcon_core.package_identification:_identify(isaac_v1) by extension 'ros'
[0.594s] Level 1:colcon.colcon_core.package_identification:_identify(isaac_v1) by extensions ['cmake', 'python']
[0.594s] Level 1:colcon.colcon_core.package_identification:_identify(isaac_v1) by extension 'cmake'
[0.594s] Level 1:colcon.colcon_core.package_identification:_identify(isaac_v1) by extension 'python'
[0.595s] Level 1:colcon.colcon_core.package_identification:_identify(isaac_v1) by extensions ['python_setup_py']
[0.595s] Level 1:colcon.colcon_core.package_identification:_identify(isaac_v1) by extension 'python_setup_py'
[0.595s] Level 1:colcon.colcon_core.package_identification:_identify(isaac_ws) by extensions ['ignore', 'ignore_ament_install']
[0.595s] Level 1:colcon.colcon_core.package_identification:_identify(isaac_ws) by extension 'ignore'
[0.595s] Level 1:colcon.colcon_core.package_identification:_identify(isaac_ws) by extension 'ignore_ament_install'
[0.595s] Level 1:colcon.colcon_core.package_identification:_identify(isaac_ws) by extensions ['colcon_pkg']
[0.595s] Level 1:colcon.colcon_core.package_identification:_identify(isaac_ws) by extension 'colcon_pkg'
[0.595s] Level 1:colcon.colcon_core.package_identification:_identify(isaac_ws) by extensions ['colcon_meta']
[0.595s] Level 1:colcon.colcon_core.package_identification:_identify(isaac_ws) by extension 'colcon_meta'
[0.595s] Level 1:colcon.colcon_core.package_identification:_identify(isaac_ws) by extensions ['ros']
[0.595s] Level 1:colcon.colcon_core.package_identification:_identify(isaac_ws) by extension 'ros'
[0.595s] Level 1:colcon.colcon_core.package_identification:_identify(isaac_ws) by extensions ['cmake', 'python']
[0.595s] Level 1:colcon.colcon_core.package_identification:_identify(isaac_ws) by extension 'cmake'
[0.595s] Level 1:colcon.colcon_core.package_identification:_identify(isaac_ws) by extension 'python'
[0.595s] Level 1:colcon.colcon_core.package_identification:_identify(isaac_ws) by extensions ['python_setup_py']
[0.595s] Level 1:colcon.colcon_core.package_identification:_identify(isaac_ws) by extension 'python_setup_py'
[0.595s] Level 1:colcon.colcon_core.package_identification:_identify(isaac_ws/build) by extensions ['ignore', 'ignore_ament_install']
[0.595s] Level 1:colcon.colcon_core.package_identification:_identify(isaac_ws/build) by extension 'ignore'
[0.595s] Level 1:colcon.colcon_core.package_identification:_identify(isaac_ws/build) ignored
[0.595s] Level 1:colcon.colcon_core.package_identification:_identify(isaac_ws/install) by extensions ['ignore', 'ignore_ament_install']
[0.595s] Level 1:colcon.colcon_core.package_identification:_identify(isaac_ws/install) by extension 'ignore'
[0.595s] Level 1:colcon.colcon_core.package_identification:_identify(isaac_ws/install) ignored
[0.596s] Level 1:colcon.colcon_core.package_identification:_identify(isaac_ws/log) by extensions ['ignore', 'ignore_ament_install']
[0.596s] Level 1:colcon.colcon_core.package_identification:_identify(isaac_ws/log) by extension 'ignore'
[0.596s] Level 1:colcon.colcon_core.package_identification:_identify(isaac_ws/log) ignored
[0.596s] Level 1:colcon.colcon_core.package_identification:_identify(isaac_ws/src) by extensions ['ignore', 'ignore_ament_install']
[0.596s] Level 1:colcon.colcon_core.package_identification:_identify(isaac_ws/src) by extension 'ignore'
[0.596s] Level 1:colcon.colcon_core.package_identification:_identify(isaac_ws/src) by extension 'ignore_ament_install'
[0.596s] Level 1:colcon.colcon_core.package_identification:_identify(isaac_ws/src) by extensions ['colcon_pkg']
[0.596s] Level 1:colcon.colcon_core.package_identification:_identify(isaac_ws/src) by extension 'colcon_pkg'
[0.596s] Level 1:colcon.colcon_core.package_identification:_identify(isaac_ws/src) by extensions ['colcon_meta']
[0.596s] Level 1:colcon.colcon_core.package_identification:_identify(isaac_ws/src) by extension 'colcon_meta'
[0.596s] Level 1:colcon.colcon_core.package_identification:_identify(isaac_ws/src) by extensions ['ros']
[0.596s] Level 1:colcon.colcon_core.package_identification:_identify(isaac_ws/src) by extension 'ros'
[0.596s] Level 1:colcon.colcon_core.package_identification:_identify(isaac_ws/src) by extensions ['cmake', 'python']
[0.596s] Level 1:colcon.colcon_core.package_identification:_identify(isaac_ws/src) by extension 'cmake'
[0.596s] Level 1:colcon.colcon_core.package_identification:_identify(isaac_ws/src) by extension 'python'
[0.596s] Level 1:colcon.colcon_core.package_identification:_identify(isaac_ws/src) by extensions ['python_setup_py']
[0.596s] Level 1:colcon.colcon_core.package_identification:_identify(isaac_ws/src) by extension 'python_setup_py'
[0.596s] Level 1:colcon.colcon_core.package_identification:_identify(isaac_ws/src/crazysim_v1) by extensions ['ignore', 'ignore_ament_install']
[0.596s] Level 1:colcon.colcon_core.package_identification:_identify(isaac_ws/src/crazysim_v1) by extension 'ignore'
[0.596s] Level 1:colcon.colcon_core.package_identification:_identify(isaac_ws/src/crazysim_v1) by extension 'ignore_ament_install'
[0.597s] Level 1:colcon.colcon_core.package_identification:_identify(isaac_ws/src/crazysim_v1) by extensions ['colcon_pkg']
[0.597s] Level 1:colcon.colcon_core.package_identification:_identify(isaac_ws/src/crazysim_v1) by extension 'colcon_pkg'
[0.597s] Level 1:colcon.colcon_core.package_identification:_identify(isaac_ws/src/crazysim_v1) by extensions ['colcon_meta']
[0.597s] Level 1:colcon.colcon_core.package_identification:_identify(isaac_ws/src/crazysim_v1) by extension 'colcon_meta'
[0.597s] Level 1:colcon.colcon_core.package_identification:_identify(isaac_ws/src/crazysim_v1) by extensions ['ros']
[0.597s] Level 1:colcon.colcon_core.package_identification:_identify(isaac_ws/src/crazysim_v1) by extension 'ros'
[0.597s] DEBUG:colcon.colcon_core.package_identification:Package 'isaac_ws/src/crazysim_v1' with type 'ros.ament_python' and name 'crazysim_v1'
[0.597s] Level 1:colcon.colcon_core.package_identification:_identify(log) by extensions ['ignore', 'ignore_ament_install']
[0.597s] Level 1:colcon.colcon_core.package_identification:_identify(log) by extension 'ignore'
[0.598s] Level 1:colcon.colcon_core.package_identification:_identify(log) ignored
[0.598s] Level 1:colcon.colcon_core.package_identification:_identify(test_nodes) by extensions ['ignore', 'ignore_ament_install']
[0.598s] Level 1:colcon.colcon_core.package_identification:_identify(test_nodes) by extension 'ignore'
[0.598s] Level 1:colcon.colcon_core.package_identification:_identify(test_nodes) by extension 'ignore_ament_install'
[0.598s] Level 1:colcon.colcon_core.package_identification:_identify(test_nodes) by extensions ['colcon_pkg']
[0.598s] Level 1:colcon.colcon_core.package_identification:_identify(test_nodes) by extension 'colcon_pkg'
[0.598s] Level 1:colcon.colcon_core.package_identification:_identify(test_nodes) by extensions ['colcon_meta']
[0.598s] Level 1:colcon.colcon_core.package_identification:_identify(test_nodes) by extension 'colcon_meta'
[0.598s] Level 1:colcon.colcon_core.package_identification:_identify(test_nodes) by extensions ['ros']
[0.598s] Level 1:colcon.colcon_core.package_identification:_identify(test_nodes) by extension 'ros'
[0.598s] Level 1:colcon.colcon_core.package_identification:_identify(test_nodes) by extensions ['cmake', 'python']
[0.598s] Level 1:colcon.colcon_core.package_identification:_identify(test_nodes) by extension 'cmake'
[0.598s] Level 1:colcon.colcon_core.package_identification:_identify(test_nodes) by extension 'python'
[0.598s] Level 1:colcon.colcon_core.package_identification:_identify(test_nodes) by extensions ['python_setup_py']
[0.598s] Level 1:colcon.colcon_core.package_identification:_identify(test_nodes) by extension 'python_setup_py'
[0.598s] Level 1:colcon.colcon_core.package_discovery:discover_packages(recursive) using defaults
[0.598s] Level 1:colcon.colcon_core.package_discovery:discover_packages(ignore) discover
[0.598s] Level 1:colcon.colcon_core.package_discovery:discover_packages(ignore) using defaults
[0.598s] Level 1:colcon.colcon_core.package_discovery:discover_packages(path) discover
[0.599s] Level 1:colcon.colcon_core.package_discovery:discover_packages(path) using defaults
[0.623s] Level 1:colcon.colcon_core.package_discovery:discover_packages(prefix_path) check parameters
[0.623s] Level 1:colcon.colcon_core.package_discovery:discover_packages(prefix_path) discover
[0.627s] DEBUG:colcon.colcon_installed_package_information.package_discovery:Found 1 installed packages in /home/kiredoo/crazyflie-basics/isaac_ws/install
[0.629s] DEBUG:colcon.colcon_installed_package_information.package_discovery:Found 393 installed packages in /opt/ros/humble
[0.631s] Level 1:colcon.colcon_core.package_discovery:discover_packages(prefix_path) using defaults
[0.745s] Level 5:colcon.colcon_core.verb:set package 'crazysim_v1' build argument 'cmake_args' from command line to 'None'
[0.746s] Level 5:colcon.colcon_core.verb:set package 'crazysim_v1' build argument 'cmake_target' from command line to 'None'
[0.746s] Level 5:colcon.colcon_core.verb:set package 'crazysim_v1' build argument 'cmake_target_skip_unavailable' from command line to 'False'
[0.746s] Level 5:colcon.colcon_core.verb:set package 'crazysim_v1' build argument 'cmake_clean_cache' from command line to 'False'
[0.746s] Level 5:colcon.colcon_core.verb:set package 'crazysim_v1' build argument 'cmake_clean_first' from command line to 'False'
[0.746s] Level 5:colcon.colcon_core.verb:set package 'crazysim_v1' build argument 'cmake_force_configure' from command line to 'False'
[0.746s] Level 5:colcon.colcon_core.verb:set package 'crazysim_v1' build argument 'ament_cmake_args' from command line to 'None'
[0.746s] Level 5:colcon.colcon_core.verb:set package 'crazysim_v1' build argument 'catkin_cmake_args' from command line to 'None'
[0.746s] Level 5:colcon.colcon_core.verb:set package 'crazysim_v1' build argument 'catkin_skip_building_tests' from command line to 'False'
[0.746s] DEBUG:colcon.colcon_core.verb:Building package 'crazysim_v1' with the following arguments: {'ament_cmake_args': None, 'build_base': '/home/kiredoo/crazyflie-basics/build/crazysim_v1', 'catkin_cmake_args': None, 'catkin_skip_building_tests': False, 'cmake_args': None, 'cmake_clean_cache': False, 'cmake_clean_first': False, 'cmake_force_configure': False, 'cmake_target': None, 'cmake_target_skip_unavailable': False, 'install_base': '/home/kiredoo/crazyflie-basics/install/crazysim_v1', 'merge_install': False, 'path': '/home/kiredoo/crazyflie-basics/isaac_ws/src/crazysim_v1', 'symlink_install': False, 'test_result_base': None}
[0.746s] Level 5:colcon.colcon_core.verb:set package 'takeoff' build argument 'cmake_args' from command line to 'None'
[0.746s] Level 5:colcon.colcon_core.verb:set package 'takeoff' build argument 'cmake_target' from command line to 'None'
[0.746s] Level 5:colcon.colcon_core.verb:set package 'takeoff' build argument 'cmake_target_skip_unavailable' from command line to 'False'
[0.746s] Level 5:colcon.colcon_core.verb:set package 'takeoff' build argument 'cmake_clean_cache' from command line to 'False'
[0.746s] Level 5:colcon.colcon_core.verb:set package 'takeoff' build argument 'cmake_clean_first' from command line to 'False'
[0.746s] Level 5:colcon.colcon_core.verb:set package 'takeoff' build argument 'cmake_force_configure' from command line to 'False'
[0.746s] Level 5:colcon.colcon_core.verb:set package 'takeoff' build argument 'ament_cmake_args' from command line to 'None'
[0.746s] Level 5:colcon.colcon_core.verb:set package 'takeoff' build argument 'catkin_cmake_args' from command line to 'None'
[0.746s] Level 5:colcon.colcon_core.verb:set package 'takeoff' build argument 'catkin_skip_building_tests' from command line to 'False'
[0.746s] DEBUG:colcon.colcon_core.verb:Building package 'takeoff' with the following arguments: {'ament_cmake_args': None, 'build_base': '/home/kiredoo/crazyflie-basics/build/takeoff', 'catkin_cmake_args': None, 'catkin_skip_building_tests': False, 'cmake_args': None, 'cmake_clean_cache': False, 'cmake_clean_first': False, 'cmake_force_configure': False, 'cmake_target': None, 'cmake_target_skip_unavailable': False, 'install_base': '/home/kiredoo/crazyflie-basics/install/takeoff', 'merge_install': False, 'path': '/home/kiredoo/crazyflie-basics/cf_workspace/src/takeoff', 'symlink_install': False, 'test_result_base': None}
[0.746s] INFO:colcon.colcon_core.executor:Executing jobs using 'parallel' executor
[0.747s] DEBUG:colcon.colcon_parallel_executor.executor.parallel:run_until_complete
[0.748s] INFO:colcon.colcon_ros.task.ament_python.build:Building ROS package in '/home/kiredoo/crazyflie-basics/isaac_ws/src/crazysim_v1' with build type 'ament_python'
[0.748s] Level 1:colcon.colcon_core.shell:create_environment_hook('crazysim_v1', 'ament_prefix_path')
[0.752s] INFO:colcon.colcon_core.plugin_system:Skipping extension 'colcon_core.shell.bat': Not used on non-Windows systems
[0.752s] INFO:colcon.colcon_core.shell:Creating environment hook '/home/kiredoo/crazyflie-basics/install/crazysim_v1/share/crazysim_v1/hook/ament_prefix_path.ps1'
[0.754s] INFO:colcon.colcon_core.shell:Creating environment descriptor '/home/kiredoo/crazyflie-basics/install/crazysim_v1/share/crazysim_v1/hook/ament_prefix_path.dsv'
[0.755s] INFO:colcon.colcon_core.shell:Creating environment hook '/home/kiredoo/crazyflie-basics/install/crazysim_v1/share/crazysim_v1/hook/ament_prefix_path.sh'
[0.756s] INFO:colcon.colcon_core.shell:Skip shell extension 'powershell' for command environment: Not usable outside of PowerShell
[0.756s] DEBUG:colcon.colcon_core.shell:Skip shell extension 'dsv' for command environment
[0.759s] INFO:colcon.colcon_ros.task.ament_python.build:Building ROS package in '/home/kiredoo/crazyflie-basics/cf_workspace/src/takeoff' with build type 'ament_python'
[0.760s] Level 1:colcon.colcon_core.shell:create_environment_hook('takeoff', 'ament_prefix_path')
[0.760s] INFO:colcon.colcon_core.shell:Creating environment hook '/home/kiredoo/crazyflie-basics/install/takeoff/share/takeoff/hook/ament_prefix_path.ps1'
[0.762s] INFO:colcon.colcon_core.shell:Creating environment descriptor '/home/kiredoo/crazyflie-basics/install/takeoff/share/takeoff/hook/ament_prefix_path.dsv'
[0.762s] INFO:colcon.colcon_core.shell:Creating environment hook '/home/kiredoo/crazyflie-basics/install/takeoff/share/takeoff/hook/ament_prefix_path.sh'
[0.763s] INFO:colcon.colcon_core.shell:Skip shell extension 'powershell' for command environment: Not usable outside of PowerShell
[0.763s] DEBUG:colcon.colcon_core.shell:Skip shell extension 'dsv' for command environment
[0.970s] INFO:colcon.colcon_core.task.python.build:Building Python package in '/home/kiredoo/crazyflie-basics/isaac_ws/src/crazysim_v1'
[0.971s] INFO:colcon.colcon_core.shell:Skip shell extension 'powershell' for command environment: Not usable outside of PowerShell
[0.971s] DEBUG:colcon.colcon_core.shell:Skip shell extension 'dsv' for command environment
[1.165s] INFO:colcon.colcon_core.task.python.build:Building Python package in '/home/kiredoo/crazyflie-basics/cf_workspace/src/takeoff'
[1.165s] INFO:colcon.colcon_core.shell:Skip shell extension 'powershell' for command environment: Not usable outside of PowerShell
[1.165s] DEBUG:colcon.colcon_core.shell:Skip shell extension 'dsv' for command environment
[1.647s] DEBUG:colcon.colcon_core.event_handler.log_command:Invoking command in '/home/kiredoo/crazyflie-basics/cf_workspace/src/takeoff': PYTHONPATH=/home/kiredoo/crazyflie-basics/build/takeoff/prefix_override:/usr/lib/python3/dist-packages/colcon_core/task/python/colcon_distutils_commands:/home/kiredoo/crazyflie-basics/install/takeoff/lib/python3.10/site-packages:${PYTHONPATH} /usr/bin/python3 -W ignore:setup.py install is deprecated setup.py egg_info --egg-base ../../../build/takeoff build --build-base /home/kiredoo/crazyflie-basics/build/takeoff/build install --record /home/kiredoo/crazyflie-basics/build/takeoff/install.log --single-version-externally-managed install_data
[1.658s] DEBUG:colcon.colcon_core.event_handler.log_command:Invoking command in '/home/kiredoo/crazyflie-basics/isaac_ws/src/crazysim_v1': PYTHONPATH=/home/kiredoo/crazyflie-basics/build/crazysim_v1/prefix_override:/usr/lib/python3/dist-packages/colcon_core/task/python/colcon_distutils_commands:/home/kiredoo/crazyflie-basics/install/crazysim_v1/lib/python3.10/site-packages:${PYTHONPATH} /usr/bin/python3 -W ignore:setup.py install is deprecated setup.py egg_info --egg-base ../../../build/crazysim_v1 build --build-base /home/kiredoo/crazyflie-basics/build/crazysim_v1/build install --record /home/kiredoo/crazyflie-basics/build/crazysim_v1/install.log --single-version-externally-managed install_data
[1.891s] DEBUG:colcon.colcon_core.event_handler.log_command:Invoked command in '/home/kiredoo/crazyflie-basics/cf_workspace/src/takeoff' returned '0': PYTHONPATH=/home/kiredoo/crazyflie-basics/build/takeoff/prefix_override:/usr/lib/python3/dist-packages/colcon_core/task/python/colcon_distutils_commands:/home/kiredoo/crazyflie-basics/install/takeoff/lib/python3.10/site-packages:${PYTHONPATH} /usr/bin/python3 -W ignore:setup.py install is deprecated setup.py egg_info --egg-base ../../../build/takeoff build --build-base /home/kiredoo/crazyflie-basics/build/takeoff/build install --record /home/kiredoo/crazyflie-basics/build/takeoff/install.log --single-version-externally-managed install_data
[1.897s] Level 1:colcon.colcon_core.environment:checking '/home/kiredoo/crazyflie-basics/install/takeoff' for CMake module files
[1.897s] Level 1:colcon.colcon_core.environment:checking '/home/kiredoo/crazyflie-basics/install/takeoff' for CMake config files
[1.898s] Level 1:colcon.colcon_core.environment:checking '/home/kiredoo/crazyflie-basics/install/takeoff/lib'
[1.898s] Level 1:colcon.colcon_core.environment:checking '/home/kiredoo/crazyflie-basics/install/takeoff/bin'
[1.898s] Level 1:colcon.colcon_core.environment:checking '/home/kiredoo/crazyflie-basics/install/takeoff/lib/pkgconfig/takeoff.pc'
[1.898s] Level 1:colcon.colcon_core.environment:checking '/home/kiredoo/crazyflie-basics/install/takeoff/lib/python3.10/site-packages'
[1.898s] Level 1:colcon.colcon_core.shell:create_environment_hook('takeoff', 'pythonpath')
[1.899s] INFO:colcon.colcon_core.shell:Creating environment hook '/home/kiredoo/crazyflie-basics/install/takeoff/share/takeoff/hook/pythonpath.ps1'
[1.899s] INFO:colcon.colcon_core.shell:Creating environment descriptor '/home/kiredoo/crazyflie-basics/install/takeoff/share/takeoff/hook/pythonpath.dsv'
[1.899s] INFO:colcon.colcon_core.shell:Creating environment hook '/home/kiredoo/crazyflie-basics/install/takeoff/share/takeoff/hook/pythonpath.sh'
[1.899s] Level 1:colcon.colcon_core.environment:checking '/home/kiredoo/crazyflie-basics/install/takeoff/bin'
[1.900s] Level 1:colcon.colcon_core.environment:create_environment_scripts_only(takeoff)
[1.900s] INFO:colcon.colcon_core.shell:Creating package script '/home/kiredoo/crazyflie-basics/install/takeoff/share/takeoff/package.ps1'
[1.901s] INFO:colcon.colcon_core.shell:Creating package descriptor '/home/kiredoo/crazyflie-basics/install/takeoff/share/takeoff/package.dsv'
[1.901s] INFO:colcon.colcon_core.shell:Creating package script '/home/kiredoo/crazyflie-basics/install/takeoff/share/takeoff/package.sh'
[1.902s] INFO:colcon.colcon_core.shell:Creating package script '/home/kiredoo/crazyflie-basics/install/takeoff/share/takeoff/package.bash'
[1.903s] INFO:colcon.colcon_core.shell:Creating package script '/home/kiredoo/crazyflie-basics/install/takeoff/share/takeoff/package.zsh'
[1.904s] Level 1:colcon.colcon_core.environment:create_file_with_runtime_dependencies(/home/kiredoo/crazyflie-basics/install/takeoff/share/colcon-core/packages/takeoff)
[1.906s] Level 1:colcon.colcon_core.environment:checking '/home/kiredoo/crazyflie-basics/install/crazysim_v1' for CMake module files
[1.906s] DEBUG:colcon.colcon_core.event_handler.log_command:Invoked command in '/home/kiredoo/crazyflie-basics/isaac_ws/src/crazysim_v1' returned '0': PYTHONPATH=/home/kiredoo/crazyflie-basics/build/crazysim_v1/prefix_override:/usr/lib/python3/dist-packages/colcon_core/task/python/colcon_distutils_commands:/home/kiredoo/crazyflie-basics/install/crazysim_v1/lib/python3.10/site-packages:${PYTHONPATH} /usr/bin/python3 -W ignore:setup.py install is deprecated setup.py egg_info --egg-base ../../../build/crazysim_v1 build --build-base /home/kiredoo/crazyflie-basics/build/crazysim_v1/build install --record /home/kiredoo/crazyflie-basics/build/crazysim_v1/install.log --single-version-externally-managed install_data
[1.906s] Level 1:colcon.colcon_core.environment:checking '/home/kiredoo/crazyflie-basics/install/crazysim_v1' for CMake config files
[1.907s] Level 1:colcon.colcon_core.environment:checking '/home/kiredoo/crazyflie-basics/install/crazysim_v1/lib'
[1.907s] Level 1:colcon.colcon_core.environment:checking '/home/kiredoo/crazyflie-basics/install/crazysim_v1/bin'
[1.907s] Level 1:colcon.colcon_core.environment:checking '/home/kiredoo/crazyflie-basics/install/crazysim_v1/lib/pkgconfig/crazysim_v1.pc'
[1.907s] Level 1:colcon.colcon_core.environment:checking '/home/kiredoo/crazyflie-basics/install/crazysim_v1/lib/python3.10/site-packages'
[1.907s] Level 1:colcon.colcon_core.shell:create_environment_hook('crazysim_v1', 'pythonpath')
[1.907s] INFO:colcon.colcon_core.shell:Creating environment hook '/home/kiredoo/crazyflie-basics/install/crazysim_v1/share/crazysim_v1/hook/pythonpath.ps1'
[1.908s] INFO:colcon.colcon_core.shell:Creating environment descriptor '/home/kiredoo/crazyflie-basics/install/crazysim_v1/share/crazysim_v1/hook/pythonpath.dsv'
[1.908s] INFO:colcon.colcon_core.shell:Creating environment hook '/home/kiredoo/crazyflie-basics/install/crazysim_v1/share/crazysim_v1/hook/pythonpath.sh'
[1.908s] Level 1:colcon.colcon_core.environment:checking '/home/kiredoo/crazyflie-basics/install/crazysim_v1/bin'
[1.908s] Level 1:colcon.colcon_core.environment:create_environment_scripts_only(crazysim_v1)
[1.909s] INFO:colcon.colcon_core.shell:Creating package script '/home/kiredoo/crazyflie-basics/install/crazysim_v1/share/crazysim_v1/package.ps1'
[1.909s] INFO:colcon.colcon_core.shell:Creating package descriptor '/home/kiredoo/crazyflie-basics/install/crazysim_v1/share/crazysim_v1/package.dsv'
[1.909s] INFO:colcon.colcon_core.shell:Creating package script '/home/kiredoo/crazyflie-basics/install/crazysim_v1/share/crazysim_v1/package.sh'
[1.910s] INFO:colcon.colcon_core.shell:Creating package script '/home/kiredoo/crazyflie-basics/install/crazysim_v1/share/crazysim_v1/package.bash'
[1.910s] INFO:colcon.colcon_core.shell:Creating package script '/home/kiredoo/crazyflie-basics/install/crazysim_v1/share/crazysim_v1/package.zsh'
[1.910s] Level 1:colcon.colcon_core.environment:create_file_with_runtime_dependencies(/home/kiredoo/crazyflie-basics/install/crazysim_v1/share/colcon-core/packages/crazysim_v1)
[1.911s] DEBUG:colcon.colcon_parallel_executor.executor.parallel:closing loop
[1.911s] DEBUG:colcon.colcon_parallel_executor.executor.parallel:loop closed
[1.911s] DEBUG:colcon.colcon_parallel_executor.executor.parallel:run_until_complete finished with '0'
[1.911s] DEBUG:colcon.colcon_core.event_reactor:joining thread
[1.956s] INFO:colcon.colcon_core.plugin_system:Skipping extension 'colcon_notification.desktop_notification.notify_send': Could not find 'notify-send'
[1.956s] INFO:colcon.colcon_core.plugin_system:Skipping extension 'colcon_notification.desktop_notification.terminal_notifier': Not used on non-Darwin systems
[1.956s] INFO:colcon.colcon_core.plugin_system:Skipping extension 'colcon_notification.desktop_notification.win32': Not used on non-Windows systems
[1.956s] INFO:colcon.colcon_notification.desktop_notification:Sending desktop notification using 'notify2'
[1.956s] DEBUG:colcon.colcon_notification.desktop_notification.notify2:Failed to initialize notify2: org.freedesktop.DBus.Error.FileNotFound: Failed to connect to socket /run/user/1000/bus: No such file or directory
[1.957s] DEBUG:colcon.colcon_core.event_reactor:joined thread
[1.957s] INFO:colcon.colcon_core.shell:Creating prefix script '/home/kiredoo/crazyflie-basics/install/local_setup.ps1'
[1.958s] INFO:colcon.colcon_core.shell:Creating prefix util module '/home/kiredoo/crazyflie-basics/install/_local_setup_util_ps1.py'
[1.959s] INFO:colcon.colcon_core.shell:Creating prefix chain script '/home/kiredoo/crazyflie-basics/install/setup.ps1'
[1.960s] INFO:colcon.colcon_core.shell:Creating prefix script '/home/kiredoo/crazyflie-basics/install/local_setup.sh'
[1.961s] INFO:colcon.colcon_core.shell:Creating prefix util module '/home/kiredoo/crazyflie-basics/install/_local_setup_util_sh.py'
[1.961s] INFO:colcon.colcon_core.shell:Creating prefix chain script '/home/kiredoo/crazyflie-basics/install/setup.sh'
[1.963s] INFO:colcon.colcon_core.shell:Creating prefix script '/home/kiredoo/crazyflie-basics/install/local_setup.bash'
[1.963s] INFO:colcon.colcon_core.shell:Creating prefix chain script '/home/kiredoo/crazyflie-basics/install/setup.bash'
[1.964s] INFO:colcon.colcon_core.shell:Creating prefix script '/home/kiredoo/crazyflie-basics/install/local_setup.zsh'
[1.965s] INFO:colcon.colcon_core.shell:Creating prefix chain script '/home/kiredoo/crazyflie-basics/install/setup.zsh'
