/home/turtlebot/.local/lib/python3.10/site-packages/setuptools/_distutils/dist.py:261: UserWarning: Unknown distribution option: 'tests_require'
  warnings.warn(msg)
running develop
running egg_info
creating cyclic_pursuit.egg-info
writing cyclic_pursuit.egg-info/PKG-INFO
writing dependency_links to cyclic_pursuit.egg-info/dependency_links.txt
writing entry points to cyclic_pursuit.egg-info/entry_points.txt
writing requirements to cyclic_pursuit.egg-info/requires.txt
writing top-level names to cyclic_pursuit.egg-info/top_level.txt
writing manifest file 'cyclic_pursuit.egg-info/SOURCES.txt'
reading manifest file 'cyclic_pursuit.egg-info/SOURCES.txt'
writing manifest file 'cyclic_pursuit.egg-info/SOURCES.txt'
running build_ext
Creating /home/turtlebot/Desktop/cycli_pursuit_ws2/install/cyclic_pursuit/lib/python3.10/site-packages/cyclic-pursuit.egg-link (link to .)
Installing pose_sub script to /home/turtlebot/Desktop/cycli_pursuit_ws2/install/cyclic_pursuit/lib/cyclic_pursuit
Installing pose_vir script to /home/turtlebot/Desktop/cycli_pursuit_ws2/install/cyclic_pursuit/lib/cyclic_pursuit

Installed /home/turtlebot/Desktop/cycli_pursuit_ws2/build/cyclic_pursuit
running symlink_data
creating /home/turtlebot/Desktop/cycli_pursuit_ws2/install/cyclic_pursuit/share/ament_index/resource_index/packages
symbolically linking /home/turtlebot/Desktop/cycli_pursuit_ws2/build/cyclic_pursuit/resource/cyclic_pursuit -> /home/turtlebot/Desktop/cycli_pursuit_ws2/install/cyclic_pursuit/share/ament_index/resource_index/packages
symbolically linking /home/turtlebot/Desktop/cycli_pursuit_ws2/build/cyclic_pursuit/package.xml -> /home/turtlebot/Desktop/cycli_pursuit_ws2/install/cyclic_pursuit/share/cyclic_pursuit
creating /home/turtlebot/Desktop/cycli_pursuit_ws2/install/cyclic_pursuit/share/cyclic_pursuit/launch
symbolically linking /home/turtlebot/Desktop/cycli_pursuit_ws2/build/cyclic_pursuit/launch/cyclic_pursuit_launch.launch.py -> /home/turtlebot/Desktop/cycli_pursuit_ws2/install/cyclic_pursuit/share/cyclic_pursuit/launch
