[0.873s] Invoking command in '/home/kiredoo/crazyflie-basics/isaac_ws/src/crazysim_v1': PYTHONPATH=/home/kiredoo/crazyflie-basics/build/crazysim_v1/prefix_override:/usr/lib/python3/dist-packages/colcon_core/task/python/colcon_distutils_commands:/home/kiredoo/crazyflie-basics/install/crazysim_v1/lib/python3.10/site-packages:${PYTHONPATH} /usr/bin/python3 -W ignore:setup.py install is deprecated setup.py egg_info --egg-base ../../../build/crazysim_v1 build --build-base /home/kiredoo/crazyflie-basics/build/crazysim_v1/build install --record /home/kiredoo/crazyflie-basics/build/crazysim_v1/install.log --single-version-externally-managed install_data
[1.045s] running egg_info
[1.046s] writing ../../../build/crazysim_v1/crazysim_v1.egg-info/PKG-INFO
[1.047s] writing dependency_links to ../../../build/crazysim_v1/crazysim_v1.egg-info/dependency_links.txt
[1.047s] writing entry points to ../../../build/crazysim_v1/crazysim_v1.egg-info/entry_points.txt
[1.047s] writing requirements to ../../../build/crazysim_v1/crazysim_v1.egg-info/requires.txt
[1.047s] writing top-level names to ../../../build/crazysim_v1/crazysim_v1.egg-info/top_level.txt
[1.049s] reading manifest file '../../../build/crazysim_v1/crazysim_v1.egg-info/SOURCES.txt'
[1.050s] writing manifest file '../../../build/crazysim_v1/crazysim_v1.egg-info/SOURCES.txt'
[1.050s] running build
[1.050s] running build_py
[1.051s] copying crazysim_v1/crazysim.py -> /home/kiredoo/crazyflie-basics/build/crazysim_v1/build/lib/crazysim_v1
[1.051s] running install
[1.051s] running install_lib
[1.052s] copying /home/kiredoo/crazyflie-basics/build/crazysim_v1/build/lib/crazysim_v1/crazysim.py -> /home/kiredoo/crazyflie-basics/install/crazysim_v1/lib/python3.10/site-packages/crazysim_v1
[1.053s] byte-compiling /home/kiredoo/crazyflie-basics/install/crazysim_v1/lib/python3.10/site-packages/crazysim_v1/crazysim.py to crazysim.cpython-310.pyc
[1.054s] running install_data
[1.054s] running install_egg_info
[1.056s] removing '/home/kiredoo/crazyflie-basics/install/crazysim_v1/lib/python3.10/site-packages/crazysim_v1-0.0.0-py3.10.egg-info' (and everything under it)
[1.056s] Copying ../../../build/crazysim_v1/crazysim_v1.egg-info to /home/kiredoo/crazyflie-basics/install/crazysim_v1/lib/python3.10/site-packages/crazysim_v1-0.0.0-py3.10.egg-info
[1.057s] running install_scripts
[1.072s] Installing controller script to /home/kiredoo/crazyflie-basics/install/crazysim_v1/lib/crazysim_v1
[1.072s] Installing simulator script to /home/kiredoo/crazyflie-basics/install/crazysim_v1/lib/crazysim_v1
[1.073s] writing list of installed files to '/home/kiredoo/crazyflie-basics/build/crazysim_v1/install.log'
[1.093s] Invoked command in '/home/kiredoo/crazyflie-basics/isaac_ws/src/crazysim_v1' returned '0': PYTHONPATH=/home/kiredoo/crazyflie-basics/build/crazysim_v1/prefix_override:/usr/lib/python3/dist-packages/colcon_core/task/python/colcon_distutils_commands:/home/kiredoo/crazyflie-basics/install/crazysim_v1/lib/python3.10/site-packages:${PYTHONPATH} /usr/bin/python3 -W ignore:setup.py install is deprecated setup.py egg_info --egg-base ../../../build/crazysim_v1 build --build-base /home/kiredoo/crazyflie-basics/build/crazysim_v1/build install --record /home/kiredoo/crazyflie-basics/build/crazysim_v1/install.log --single-version-externally-managed install_data
