[0.536s] Invoking command in '/home/kiredoo/crazyflie-basics/isaac_ws/src/crazysim_v1': PYTHONPATH=/home/kiredoo/crazyflie-basics/isaac_ws/build/crazysim_v1/prefix_override:/usr/lib/python3/dist-packages/colcon_core/task/python/colcon_distutils_commands:/home/kiredoo/crazyflie-basics/isaac_ws/install/crazysim_v1/lib/python3.10/site-packages:${PYTHONPATH} /usr/bin/python3 -W ignore:setup.py install is deprecated setup.py egg_info --egg-base ../../build/crazysim_v1 build --build-base /home/kiredoo/crazyflie-basics/isaac_ws/build/crazysim_v1/build install --record /home/kiredoo/crazyflie-basics/isaac_ws/build/crazysim_v1/install.log --single-version-externally-managed install_data
[0.705s] running egg_info
[0.705s] writing ../../build/crazysim_v1/crazysim_v1.egg-info/PKG-INFO
[0.706s] writing dependency_links to ../../build/crazysim_v1/crazysim_v1.egg-info/dependency_links.txt
[0.706s] writing entry points to ../../build/crazysim_v1/crazysim_v1.egg-info/entry_points.txt
[0.706s] writing requirements to ../../build/crazysim_v1/crazysim_v1.egg-info/requires.txt
[0.706s] writing top-level names to ../../build/crazysim_v1/crazysim_v1.egg-info/top_level.txt
[0.708s] reading manifest file '../../build/crazysim_v1/crazysim_v1.egg-info/SOURCES.txt'
[0.708s] writing manifest file '../../build/crazysim_v1/crazysim_v1.egg-info/SOURCES.txt'
[0.708s] running build
[0.708s] running build_py
[0.709s] copying crazysim_v1/crazysim.py -> /home/kiredoo/crazyflie-basics/isaac_ws/build/crazysim_v1/build/lib/crazysim_v1
[0.709s] running install
[0.709s] running install_lib
[0.710s] copying /home/kiredoo/crazyflie-basics/isaac_ws/build/crazysim_v1/build/lib/crazysim_v1/crazysim.py -> /home/kiredoo/crazyflie-basics/isaac_ws/install/crazysim_v1/lib/python3.10/site-packages/crazysim_v1
[0.710s] byte-compiling /home/kiredoo/crazyflie-basics/isaac_ws/install/crazysim_v1/lib/python3.10/site-packages/crazysim_v1/crazysim.py to crazysim.cpython-310.pyc
[0.711s] running install_data
[0.711s] running install_egg_info
[0.713s] removing '/home/kiredoo/crazyflie-basics/isaac_ws/install/crazysim_v1/lib/python3.10/site-packages/crazysim_v1-0.0.0-py3.10.egg-info' (and everything under it)
[0.713s] Copying ../../build/crazysim_v1/crazysim_v1.egg-info to /home/kiredoo/crazyflie-basics/isaac_ws/install/crazysim_v1/lib/python3.10/site-packages/crazysim_v1-0.0.0-py3.10.egg-info
[0.714s] running install_scripts
[0.729s] Installing controller script to /home/kiredoo/crazyflie-basics/isaac_ws/install/crazysim_v1/lib/crazysim_v1
[0.729s] Installing simulator script to /home/kiredoo/crazyflie-basics/isaac_ws/install/crazysim_v1/lib/crazysim_v1
[0.729s] writing list of installed files to '/home/kiredoo/crazyflie-basics/isaac_ws/build/crazysim_v1/install.log'
[0.749s] Invoked command in '/home/kiredoo/crazyflie-basics/isaac_ws/src/crazysim_v1' returned '0': PYTHONPATH=/home/kiredoo/crazyflie-basics/isaac_ws/build/crazysim_v1/prefix_override:/usr/lib/python3/dist-packages/colcon_core/task/python/colcon_distutils_commands:/home/kiredoo/crazyflie-basics/isaac_ws/install/crazysim_v1/lib/python3.10/site-packages:${PYTHONPATH} /usr/bin/python3 -W ignore:setup.py install is deprecated setup.py egg_info --egg-base ../../build/crazysim_v1 build --build-base /home/kiredoo/crazyflie-basics/isaac_ws/build/crazysim_v1/build install --record /home/kiredoo/crazyflie-basics/isaac_ws/build/crazysim_v1/install.log --single-version-externally-managed install_data
